DEBUG - 2025-05-19 14:56:41 --> Session: Class initialized using 'CodeIgniter\Session\Handlers\FileHandler' driver.
DEBUG - 2025-05-19 14:56:48 --> Session: Class initialized using 'CodeIgniter\Session\Handlers\FileHandler' driver.
ERROR - 2025-05-19 16:19:53 --> mysqli_sql_exception: Column 'nombre' cannot be null in /home/borjaquinones/web/borja.com.es/public_html/ProyectoDosDAW/api_backend/system/Database/MySQLi/Connection.php:327
Stack trace:
#0 /home/borjaquinones/web/borja.com.es/public_html/ProyectoDosDAW/api_backend/system/Database/MySQLi/Connection.php(327): mysqli->query()
#1 /home/borjaquinones/web/borja.com.es/public_html/ProyectoDosDAW/api_backend/system/Database/BaseConnection.php(738): CodeIgniter\Database\MySQLi\Connection->execute()
#2 /home/borjaquinones/web/borja.com.es/public_html/ProyectoDosDAW/api_backend/system/Database/BaseConnection.php(652): CodeIgniter\Database\BaseConnection->simpleQuery()
#3 /home/borjaquinones/web/borja.com.es/public_html/ProyectoDosDAW/api_backend/system/Database/BaseBuilder.php(2345): CodeIgniter\Database\BaseConnection->query()
#4 /home/borjaquinones/web/borja.com.es/public_html/ProyectoDosDAW/api_backend/system/Model.php(394): CodeIgniter\Database\BaseBuilder->insert()
#5 /home/borjaquinones/web/borja.com.es/public_html/ProyectoDosDAW/api_backend/system/BaseModel.php(839): CodeIgniter\Model->doInsert()
#6 /home/borjaquinones/web/borja.com.es/public_html/ProyectoDosDAW/api_backend/system/Model.php(800): CodeIgniter\BaseModel->insert()
#7 /home/borjaquinones/web/borja.com.es/public_html/ProyectoDosDAW/api_backend/app/Controllers/Clientes.php(51): CodeIgniter\Model->insert()
#8 /home/borjaquinones/web/borja.com.es/public_html/ProyectoDosDAW/api_backend/system/CodeIgniter.php(933): App\Controllers\Clientes->create()
#9 /home/borjaquinones/web/borja.com.es/public_html/ProyectoDosDAW/api_backend/system/CodeIgniter.php(507): CodeIgniter\CodeIgniter->runController()
#10 /home/borjaquinones/web/borja.com.es/public_html/ProyectoDosDAW/api_backend/system/CodeIgniter.php(354): CodeIgniter\CodeIgniter->handleRequest()
#11 /home/borjaquinones/web/borja.com.es/public_html/ProyectoDosDAW/api_backend/system/Boot.php(334): CodeIgniter\CodeIgniter->run()
#12 /home/borjaquinones/web/borja.com.es/public_html/ProyectoDosDAW/api_backend/system/Boot.php(67): CodeIgniter\Boot::runCodeIgniter()
#13 /home/borjaquinones/web/borja.com.es/public_html/ProyectoDosDAW/api_backend/public/index.php(56): CodeIgniter\Boot::bootWeb()
#14 {main}
CRITICAL - 2025-05-19 16:19:53 --> CodeIgniter\Database\Exceptions\DatabaseException: Column 'nombre' cannot be null
[Method: POST, Route: clientes]
in SYSTEMPATH/Database/BaseConnection.php on line 692.
 1 SYSTEMPATH/Database/BaseBuilder.php(2345): CodeIgniter\Database\BaseConnection->query()
 2 SYSTEMPATH/Model.php(394): CodeIgniter\Database\BaseBuilder->insert()
 3 SYSTEMPATH/BaseModel.php(839): CodeIgniter\Model->doInsert()
 4 SYSTEMPATH/Model.php(800): CodeIgniter\BaseModel->insert()
 5 APPPATH/Controllers/Clientes.php(51): CodeIgniter\Model->insert()
 6 SYSTEMPATH/CodeIgniter.php(933): App\Controllers\Clientes->create()
 7 SYSTEMPATH/CodeIgniter.php(507): CodeIgniter\CodeIgniter->runController()
 8 SYSTEMPATH/CodeIgniter.php(354): CodeIgniter\CodeIgniter->handleRequest()
 9 SYSTEMPATH/Boot.php(334): CodeIgniter\CodeIgniter->run()
10 SYSTEMPATH/Boot.php(67): CodeIgniter\Boot::runCodeIgniter()
11 FCPATH/index.php(56): CodeIgniter\Boot::bootWeb()
CRITICAL - 2025-05-19 16:19:53 --> [Caused by] CodeIgniter\Database\Exceptions\DatabaseException: Column 'nombre' cannot be null
in SYSTEMPATH/Database/MySQLi/Connection.php on line 332.
 1 SYSTEMPATH/Database/BaseConnection.php(738): CodeIgniter\Database\MySQLi\Connection->execute()
 2 SYSTEMPATH/Database/BaseConnection.php(652): CodeIgniter\Database\BaseConnection->simpleQuery()
 3 SYSTEMPATH/Database/BaseBuilder.php(2345): CodeIgniter\Database\BaseConnection->query()
 4 SYSTEMPATH/Model.php(394): CodeIgniter\Database\BaseBuilder->insert()
 5 SYSTEMPATH/BaseModel.php(839): CodeIgniter\Model->doInsert()
 6 SYSTEMPATH/Model.php(800): CodeIgniter\BaseModel->insert()
 7 APPPATH/Controllers/Clientes.php(51): CodeIgniter\Model->insert()
 8 SYSTEMPATH/CodeIgniter.php(933): App\Controllers\Clientes->create()
 9 SYSTEMPATH/CodeIgniter.php(507): CodeIgniter\CodeIgniter->runController()
10 SYSTEMPATH/CodeIgniter.php(354): CodeIgniter\CodeIgniter->handleRequest()
11 SYSTEMPATH/Boot.php(334): CodeIgniter\CodeIgniter->run()
12 SYSTEMPATH/Boot.php(67): CodeIgniter\Boot::runCodeIgniter()
13 FCPATH/index.php(56): CodeIgniter\Boot::bootWeb()
CRITICAL - 2025-05-19 16:19:53 --> [Caused by] mysqli_sql_exception: Column 'nombre' cannot be null
in SYSTEMPATH/Database/MySQLi/Connection.php on line 327.
 1 SYSTEMPATH/Database/MySQLi/Connection.php(327): mysqli->query()
 2 SYSTEMPATH/Database/BaseConnection.php(738): CodeIgniter\Database\MySQLi\Connection->execute()
 3 SYSTEMPATH/Database/BaseConnection.php(652): CodeIgniter\Database\BaseConnection->simpleQuery()
 4 SYSTEMPATH/Database/BaseBuilder.php(2345): CodeIgniter\Database\BaseConnection->query()
 5 SYSTEMPATH/Model.php(394): CodeIgniter\Database\BaseBuilder->insert()
 6 SYSTEMPATH/BaseModel.php(839): CodeIgniter\Model->doInsert()
 7 SYSTEMPATH/Model.php(800): CodeIgniter\BaseModel->insert()
 8 APPPATH/Controllers/Clientes.php(51): CodeIgniter\Model->insert()
 9 SYSTEMPATH/CodeIgniter.php(933): App\Controllers\Clientes->create()
10 SYSTEMPATH/CodeIgniter.php(507): CodeIgniter\CodeIgniter->runController()
11 SYSTEMPATH/CodeIgniter.php(354): CodeIgniter\CodeIgniter->handleRequest()
12 SYSTEMPATH/Boot.php(334): CodeIgniter\CodeIgniter->run()
13 SYSTEMPATH/Boot.php(67): CodeIgniter\Boot::runCodeIgniter()
14 FCPATH/index.php(56): CodeIgniter\Boot::bootWeb()
ERROR - 2025-05-19 16:49:52 --> mysqli_sql_exception: Column 'nombre' cannot be null in /home/borjaquinones/web/borja.com.es/public_html/ProyectoDosDAW/api_backend/system/Database/MySQLi/Connection.php:327
Stack trace:
#0 /home/borjaquinones/web/borja.com.es/public_html/ProyectoDosDAW/api_backend/system/Database/MySQLi/Connection.php(327): mysqli->query()
#1 /home/borjaquinones/web/borja.com.es/public_html/ProyectoDosDAW/api_backend/system/Database/BaseConnection.php(738): CodeIgniter\Database\MySQLi\Connection->execute()
#2 /home/borjaquinones/web/borja.com.es/public_html/ProyectoDosDAW/api_backend/system/Database/BaseConnection.php(652): CodeIgniter\Database\BaseConnection->simpleQuery()
#3 /home/borjaquinones/web/borja.com.es/public_html/ProyectoDosDAW/api_backend/system/Database/BaseBuilder.php(2345): CodeIgniter\Database\BaseConnection->query()
#4 /home/borjaquinones/web/borja.com.es/public_html/ProyectoDosDAW/api_backend/system/Model.php(394): CodeIgniter\Database\BaseBuilder->insert()
#5 /home/borjaquinones/web/borja.com.es/public_html/ProyectoDosDAW/api_backend/system/BaseModel.php(839): CodeIgniter\Model->doInsert()
#6 /home/borjaquinones/web/borja.com.es/public_html/ProyectoDosDAW/api_backend/system/Model.php(800): CodeIgniter\BaseModel->insert()
#7 /home/borjaquinones/web/borja.com.es/public_html/ProyectoDosDAW/api_backend/app/Controllers/Clientes.php(51): CodeIgniter\Model->insert()
#8 /home/borjaquinones/web/borja.com.es/public_html/ProyectoDosDAW/api_backend/system/CodeIgniter.php(933): App\Controllers\Clientes->create()
#9 /home/borjaquinones/web/borja.com.es/public_html/ProyectoDosDAW/api_backend/system/CodeIgniter.php(507): CodeIgniter\CodeIgniter->runController()
#10 /home/borjaquinones/web/borja.com.es/public_html/ProyectoDosDAW/api_backend/system/CodeIgniter.php(354): CodeIgniter\CodeIgniter->handleRequest()
#11 /home/borjaquinones/web/borja.com.es/public_html/ProyectoDosDAW/api_backend/system/Boot.php(334): CodeIgniter\CodeIgniter->run()
#12 /home/borjaquinones/web/borja.com.es/public_html/ProyectoDosDAW/api_backend/system/Boot.php(67): CodeIgniter\Boot::runCodeIgniter()
#13 /home/borjaquinones/web/borja.com.es/public_html/ProyectoDosDAW/api_backend/public/index.php(56): CodeIgniter\Boot::bootWeb()
#14 {main}
CRITICAL - 2025-05-19 16:49:52 --> CodeIgniter\Database\Exceptions\DatabaseException: Column 'nombre' cannot be null
[Method: POST, Route: clientes]
in SYSTEMPATH/Database/BaseConnection.php on line 692.
 1 SYSTEMPATH/Database/BaseBuilder.php(2345): CodeIgniter\Database\BaseConnection->query()
 2 SYSTEMPATH/Model.php(394): CodeIgniter\Database\BaseBuilder->insert()
 3 SYSTEMPATH/BaseModel.php(839): CodeIgniter\Model->doInsert()
 4 SYSTEMPATH/Model.php(800): CodeIgniter\BaseModel->insert()
 5 APPPATH/Controllers/Clientes.php(51): CodeIgniter\Model->insert()
 6 SYSTEMPATH/CodeIgniter.php(933): App\Controllers\Clientes->create()
 7 SYSTEMPATH/CodeIgniter.php(507): CodeIgniter\CodeIgniter->runController()
 8 SYSTEMPATH/CodeIgniter.php(354): CodeIgniter\CodeIgniter->handleRequest()
 9 SYSTEMPATH/Boot.php(334): CodeIgniter\CodeIgniter->run()
10 SYSTEMPATH/Boot.php(67): CodeIgniter\Boot::runCodeIgniter()
11 FCPATH/index.php(56): CodeIgniter\Boot::bootWeb()
CRITICAL - 2025-05-19 16:49:52 --> [Caused by] CodeIgniter\Database\Exceptions\DatabaseException: Column 'nombre' cannot be null
in SYSTEMPATH/Database/MySQLi/Connection.php on line 332.
 1 SYSTEMPATH/Database/BaseConnection.php(738): CodeIgniter\Database\MySQLi\Connection->execute()
 2 SYSTEMPATH/Database/BaseConnection.php(652): CodeIgniter\Database\BaseConnection->simpleQuery()
 3 SYSTEMPATH/Database/BaseBuilder.php(2345): CodeIgniter\Database\BaseConnection->query()
 4 SYSTEMPATH/Model.php(394): CodeIgniter\Database\BaseBuilder->insert()
 5 SYSTEMPATH/BaseModel.php(839): CodeIgniter\Model->doInsert()
 6 SYSTEMPATH/Model.php(800): CodeIgniter\BaseModel->insert()
 7 APPPATH/Controllers/Clientes.php(51): CodeIgniter\Model->insert()
 8 SYSTEMPATH/CodeIgniter.php(933): App\Controllers\Clientes->create()
 9 SYSTEMPATH/CodeIgniter.php(507): CodeIgniter\CodeIgniter->runController()
10 SYSTEMPATH/CodeIgniter.php(354): CodeIgniter\CodeIgniter->handleRequest()
11 SYSTEMPATH/Boot.php(334): CodeIgniter\CodeIgniter->run()
12 SYSTEMPATH/Boot.php(67): CodeIgniter\Boot::runCodeIgniter()
13 FCPATH/index.php(56): CodeIgniter\Boot::bootWeb()
CRITICAL - 2025-05-19 16:49:52 --> [Caused by] mysqli_sql_exception: Column 'nombre' cannot be null
in SYSTEMPATH/Database/MySQLi/Connection.php on line 327.
 1 SYSTEMPATH/Database/MySQLi/Connection.php(327): mysqli->query()
 2 SYSTEMPATH/Database/BaseConnection.php(738): CodeIgniter\Database\MySQLi\Connection->execute()
 3 SYSTEMPATH/Database/BaseConnection.php(652): CodeIgniter\Database\BaseConnection->simpleQuery()
 4 SYSTEMPATH/Database/BaseBuilder.php(2345): CodeIgniter\Database\BaseConnection->query()
 5 SYSTEMPATH/Model.php(394): CodeIgniter\Database\BaseBuilder->insert()
 6 SYSTEMPATH/BaseModel.php(839): CodeIgniter\Model->doInsert()
 7 SYSTEMPATH/Model.php(800): CodeIgniter\BaseModel->insert()
 8 APPPATH/Controllers/Clientes.php(51): CodeIgniter\Model->insert()
 9 SYSTEMPATH/CodeIgniter.php(933): App\Controllers\Clientes->create()
10 SYSTEMPATH/CodeIgniter.php(507): CodeIgniter\CodeIgniter->runController()
11 SYSTEMPATH/CodeIgniter.php(354): CodeIgniter\CodeIgniter->handleRequest()
12 SYSTEMPATH/Boot.php(334): CodeIgniter\CodeIgniter->run()
13 SYSTEMPATH/Boot.php(67): CodeIgniter\Boot::runCodeIgniter()
14 FCPATH/index.php(56): CodeIgniter\Boot::bootWeb()
ERROR - 2025-05-19 17:10:24 --> mysqli_sql_exception: Column 'correo' cannot be null in /home/borjaquinones/web/borja.com.es/public_html/ProyectoDosDAW/api_backend/system/Database/MySQLi/Connection.php:327
Stack trace:
#0 /home/borjaquinones/web/borja.com.es/public_html/ProyectoDosDAW/api_backend/system/Database/MySQLi/Connection.php(327): mysqli->query()
#1 /home/borjaquinones/web/borja.com.es/public_html/ProyectoDosDAW/api_backend/system/Database/BaseConnection.php(738): CodeIgniter\Database\MySQLi\Connection->execute()
#2 /home/borjaquinones/web/borja.com.es/public_html/ProyectoDosDAW/api_backend/system/Database/BaseConnection.php(652): CodeIgniter\Database\BaseConnection->simpleQuery()
#3 /home/borjaquinones/web/borja.com.es/public_html/ProyectoDosDAW/api_backend/system/Database/BaseBuilder.php(2345): CodeIgniter\Database\BaseConnection->query()
#4 /home/borjaquinones/web/borja.com.es/public_html/ProyectoDosDAW/api_backend/system/Model.php(394): CodeIgniter\Database\BaseBuilder->insert()
#5 /home/borjaquinones/web/borja.com.es/public_html/ProyectoDosDAW/api_backend/system/BaseModel.php(839): CodeIgniter\Model->doInsert()
#6 /home/borjaquinones/web/borja.com.es/public_html/ProyectoDosDAW/api_backend/system/Model.php(800): CodeIgniter\BaseModel->insert()
#7 /home/borjaquinones/web/borja.com.es/public_html/ProyectoDosDAW/api_backend/app/Controllers/Clientes.php(82): CodeIgniter\Model->insert()
#8 /home/borjaquinones/web/borja.com.es/public_html/ProyectoDosDAW/api_backend/system/CodeIgniter.php(933): App\Controllers\Clientes->create()
#9 /home/borjaquinones/web/borja.com.es/public_html/ProyectoDosDAW/api_backend/system/CodeIgniter.php(507): CodeIgniter\CodeIgniter->runController()
#10 /home/borjaquinones/web/borja.com.es/public_html/ProyectoDosDAW/api_backend/system/CodeIgniter.php(354): CodeIgniter\CodeIgniter->handleRequest()
#11 /home/borjaquinones/web/borja.com.es/public_html/ProyectoDosDAW/api_backend/system/Boot.php(334): CodeIgniter\CodeIgniter->run()
#12 /home/borjaquinones/web/borja.com.es/public_html/ProyectoDosDAW/api_backend/system/Boot.php(67): CodeIgniter\Boot::runCodeIgniter()
#13 /home/borjaquinones/web/borja.com.es/public_html/ProyectoDosDAW/api_backend/public/index.php(56): CodeIgniter\Boot::bootWeb()
#14 {main}
CRITICAL - 2025-05-19 17:10:24 --> CodeIgniter\Database\Exceptions\DatabaseException: Column 'correo' cannot be null
[Method: POST, Route: clientes]
in SYSTEMPATH/Database/BaseConnection.php on line 692.
 1 SYSTEMPATH/Database/BaseBuilder.php(2345): CodeIgniter\Database\BaseConnection->query()
 2 SYSTEMPATH/Model.php(394): CodeIgniter\Database\BaseBuilder->insert()
 3 SYSTEMPATH/BaseModel.php(839): CodeIgniter\Model->doInsert()
 4 SYSTEMPATH/Model.php(800): CodeIgniter\BaseModel->insert()
 5 APPPATH/Controllers/Clientes.php(82): CodeIgniter\Model->insert()
 6 SYSTEMPATH/CodeIgniter.php(933): App\Controllers\Clientes->create()
 7 SYSTEMPATH/CodeIgniter.php(507): CodeIgniter\CodeIgniter->runController()
 8 SYSTEMPATH/CodeIgniter.php(354): CodeIgniter\CodeIgniter->handleRequest()
 9 SYSTEMPATH/Boot.php(334): CodeIgniter\CodeIgniter->run()
10 SYSTEMPATH/Boot.php(67): CodeIgniter\Boot::runCodeIgniter()
11 FCPATH/index.php(56): CodeIgniter\Boot::bootWeb()
CRITICAL - 2025-05-19 17:10:24 --> [Caused by] CodeIgniter\Database\Exceptions\DatabaseException: Column 'correo' cannot be null
in SYSTEMPATH/Database/MySQLi/Connection.php on line 332.
 1 SYSTEMPATH/Database/BaseConnection.php(738): CodeIgniter\Database\MySQLi\Connection->execute()
 2 SYSTEMPATH/Database/BaseConnection.php(652): CodeIgniter\Database\BaseConnection->simpleQuery()
 3 SYSTEMPATH/Database/BaseBuilder.php(2345): CodeIgniter\Database\BaseConnection->query()
 4 SYSTEMPATH/Model.php(394): CodeIgniter\Database\BaseBuilder->insert()
 5 SYSTEMPATH/BaseModel.php(839): CodeIgniter\Model->doInsert()
 6 SYSTEMPATH/Model.php(800): CodeIgniter\BaseModel->insert()
 7 APPPATH/Controllers/Clientes.php(82): CodeIgniter\Model->insert()
 8 SYSTEMPATH/CodeIgniter.php(933): App\Controllers\Clientes->create()
 9 SYSTEMPATH/CodeIgniter.php(507): CodeIgniter\CodeIgniter->runController()
10 SYSTEMPATH/CodeIgniter.php(354): CodeIgniter\CodeIgniter->handleRequest()
11 SYSTEMPATH/Boot.php(334): CodeIgniter\CodeIgniter->run()
12 SYSTEMPATH/Boot.php(67): CodeIgniter\Boot::runCodeIgniter()
13 FCPATH/index.php(56): CodeIgniter\Boot::bootWeb()
CRITICAL - 2025-05-19 17:10:24 --> [Caused by] mysqli_sql_exception: Column 'correo' cannot be null
in SYSTEMPATH/Database/MySQLi/Connection.php on line 327.
 1 SYSTEMPATH/Database/MySQLi/Connection.php(327): mysqli->query()
 2 SYSTEMPATH/Database/BaseConnection.php(738): CodeIgniter\Database\MySQLi\Connection->execute()
 3 SYSTEMPATH/Database/BaseConnection.php(652): CodeIgniter\Database\BaseConnection->simpleQuery()
 4 SYSTEMPATH/Database/BaseBuilder.php(2345): CodeIgniter\Database\BaseConnection->query()
 5 SYSTEMPATH/Model.php(394): CodeIgniter\Database\BaseBuilder->insert()
 6 SYSTEMPATH/BaseModel.php(839): CodeIgniter\Model->doInsert()
 7 SYSTEMPATH/Model.php(800): CodeIgniter\BaseModel->insert()
 8 APPPATH/Controllers/Clientes.php(82): CodeIgniter\Model->insert()
 9 SYSTEMPATH/CodeIgniter.php(933): App\Controllers\Clientes->create()
10 SYSTEMPATH/CodeIgniter.php(507): CodeIgniter\CodeIgniter->runController()
11 SYSTEMPATH/CodeIgniter.php(354): CodeIgniter\CodeIgniter->handleRequest()
12 SYSTEMPATH/Boot.php(334): CodeIgniter\CodeIgniter->run()
13 SYSTEMPATH/Boot.php(67): CodeIgniter\Boot::runCodeIgniter()
14 FCPATH/index.php(56): CodeIgniter\Boot::bootWeb()
ERROR - 2025-05-19 17:14:15 --> mysqli_sql_exception: Column 'correo' cannot be null in /home/borjaquinones/web/borja.com.es/public_html/ProyectoDosDAW/api_backend/system/Database/MySQLi/Connection.php:327
Stack trace:
#0 /home/borjaquinones/web/borja.com.es/public_html/ProyectoDosDAW/api_backend/system/Database/MySQLi/Connection.php(327): mysqli->query()
#1 /home/borjaquinones/web/borja.com.es/public_html/ProyectoDosDAW/api_backend/system/Database/BaseConnection.php(738): CodeIgniter\Database\MySQLi\Connection->execute()
#2 /home/borjaquinones/web/borja.com.es/public_html/ProyectoDosDAW/api_backend/system/Database/BaseConnection.php(652): CodeIgniter\Database\BaseConnection->simpleQuery()
#3 /home/borjaquinones/web/borja.com.es/public_html/ProyectoDosDAW/api_backend/system/Database/BaseBuilder.php(2345): CodeIgniter\Database\BaseConnection->query()
#4 /home/borjaquinones/web/borja.com.es/public_html/ProyectoDosDAW/api_backend/system/Model.php(394): CodeIgniter\Database\BaseBuilder->insert()
#5 /home/borjaquinones/web/borja.com.es/public_html/ProyectoDosDAW/api_backend/system/BaseModel.php(839): CodeIgniter\Model->doInsert()
#6 /home/borjaquinones/web/borja.com.es/public_html/ProyectoDosDAW/api_backend/system/Model.php(800): CodeIgniter\BaseModel->insert()
#7 /home/borjaquinones/web/borja.com.es/public_html/ProyectoDosDAW/api_backend/app/Controllers/Clientes.php(82): CodeIgniter\Model->insert()
#8 /home/borjaquinones/web/borja.com.es/public_html/ProyectoDosDAW/api_backend/system/CodeIgniter.php(933): App\Controllers\Clientes->create()
#9 /home/borjaquinones/web/borja.com.es/public_html/ProyectoDosDAW/api_backend/system/CodeIgniter.php(507): CodeIgniter\CodeIgniter->runController()
#10 /home/borjaquinones/web/borja.com.es/public_html/ProyectoDosDAW/api_backend/system/CodeIgniter.php(354): CodeIgniter\CodeIgniter->handleRequest()
#11 /home/borjaquinones/web/borja.com.es/public_html/ProyectoDosDAW/api_backend/system/Boot.php(334): CodeIgniter\CodeIgniter->run()
#12 /home/borjaquinones/web/borja.com.es/public_html/ProyectoDosDAW/api_backend/system/Boot.php(67): CodeIgniter\Boot::runCodeIgniter()
#13 /home/borjaquinones/web/borja.com.es/public_html/ProyectoDosDAW/api_backend/public/index.php(56): CodeIgniter\Boot::bootWeb()
#14 {main}
CRITICAL - 2025-05-19 17:14:15 --> CodeIgniter\Database\Exceptions\DatabaseException: Column 'correo' cannot be null
[Method: POST, Route: clientes]
in SYSTEMPATH/Database/BaseConnection.php on line 692.
 1 SYSTEMPATH/Database/BaseBuilder.php(2345): CodeIgniter\Database\BaseConnection->query()
 2 SYSTEMPATH/Model.php(394): CodeIgniter\Database\BaseBuilder->insert()
 3 SYSTEMPATH/BaseModel.php(839): CodeIgniter\Model->doInsert()
 4 SYSTEMPATH/Model.php(800): CodeIgniter\BaseModel->insert()
 5 APPPATH/Controllers/Clientes.php(82): CodeIgniter\Model->insert()
 6 SYSTEMPATH/CodeIgniter.php(933): App\Controllers\Clientes->create()
 7 SYSTEMPATH/CodeIgniter.php(507): CodeIgniter\CodeIgniter->runController()
 8 SYSTEMPATH/CodeIgniter.php(354): CodeIgniter\CodeIgniter->handleRequest()
 9 SYSTEMPATH/Boot.php(334): CodeIgniter\CodeIgniter->run()
10 SYSTEMPATH/Boot.php(67): CodeIgniter\Boot::runCodeIgniter()
11 FCPATH/index.php(56): CodeIgniter\Boot::bootWeb()
CRITICAL - 2025-05-19 17:14:15 --> [Caused by] CodeIgniter\Database\Exceptions\DatabaseException: Column 'correo' cannot be null
in SYSTEMPATH/Database/MySQLi/Connection.php on line 332.
 1 SYSTEMPATH/Database/BaseConnection.php(738): CodeIgniter\Database\MySQLi\Connection->execute()
 2 SYSTEMPATH/Database/BaseConnection.php(652): CodeIgniter\Database\BaseConnection->simpleQuery()
 3 SYSTEMPATH/Database/BaseBuilder.php(2345): CodeIgniter\Database\BaseConnection->query()
 4 SYSTEMPATH/Model.php(394): CodeIgniter\Database\BaseBuilder->insert()
 5 SYSTEMPATH/BaseModel.php(839): CodeIgniter\Model->doInsert()
 6 SYSTEMPATH/Model.php(800): CodeIgniter\BaseModel->insert()
 7 APPPATH/Controllers/Clientes.php(82): CodeIgniter\Model->insert()
 8 SYSTEMPATH/CodeIgniter.php(933): App\Controllers\Clientes->create()
 9 SYSTEMPATH/CodeIgniter.php(507): CodeIgniter\CodeIgniter->runController()
10 SYSTEMPATH/CodeIgniter.php(354): CodeIgniter\CodeIgniter->handleRequest()
11 SYSTEMPATH/Boot.php(334): CodeIgniter\CodeIgniter->run()
12 SYSTEMPATH/Boot.php(67): CodeIgniter\Boot::runCodeIgniter()
13 FCPATH/index.php(56): CodeIgniter\Boot::bootWeb()
CRITICAL - 2025-05-19 17:14:15 --> [Caused by] mysqli_sql_exception: Column 'correo' cannot be null
in SYSTEMPATH/Database/MySQLi/Connection.php on line 327.
 1 SYSTEMPATH/Database/MySQLi/Connection.php(327): mysqli->query()
 2 SYSTEMPATH/Database/BaseConnection.php(738): CodeIgniter\Database\MySQLi\Connection->execute()
 3 SYSTEMPATH/Database/BaseConnection.php(652): CodeIgniter\Database\BaseConnection->simpleQuery()
 4 SYSTEMPATH/Database/BaseBuilder.php(2345): CodeIgniter\Database\BaseConnection->query()
 5 SYSTEMPATH/Model.php(394): CodeIgniter\Database\BaseBuilder->insert()
 6 SYSTEMPATH/BaseModel.php(839): CodeIgniter\Model->doInsert()
 7 SYSTEMPATH/Model.php(800): CodeIgniter\BaseModel->insert()
 8 APPPATH/Controllers/Clientes.php(82): CodeIgniter\Model->insert()
 9 SYSTEMPATH/CodeIgniter.php(933): App\Controllers\Clientes->create()
10 SYSTEMPATH/CodeIgniter.php(507): CodeIgniter\CodeIgniter->runController()
11 SYSTEMPATH/CodeIgniter.php(354): CodeIgniter\CodeIgniter->handleRequest()
12 SYSTEMPATH/Boot.php(334): CodeIgniter\CodeIgniter->run()
13 SYSTEMPATH/Boot.php(67): CodeIgniter\Boot::runCodeIgniter()
14 FCPATH/index.php(56): CodeIgniter\Boot::bootWeb()
ERROR - 2025-05-19 17:14:29 --> mysqli_sql_exception: Column 'correo' cannot be null in /home/borjaquinones/web/borja.com.es/public_html/ProyectoDosDAW/api_backend/system/Database/MySQLi/Connection.php:327
Stack trace:
#0 /home/borjaquinones/web/borja.com.es/public_html/ProyectoDosDAW/api_backend/system/Database/MySQLi/Connection.php(327): mysqli->query()
#1 /home/borjaquinones/web/borja.com.es/public_html/ProyectoDosDAW/api_backend/system/Database/BaseConnection.php(738): CodeIgniter\Database\MySQLi\Connection->execute()
#2 /home/borjaquinones/web/borja.com.es/public_html/ProyectoDosDAW/api_backend/system/Database/BaseConnection.php(652): CodeIgniter\Database\BaseConnection->simpleQuery()
#3 /home/borjaquinones/web/borja.com.es/public_html/ProyectoDosDAW/api_backend/system/Database/BaseBuilder.php(2345): CodeIgniter\Database\BaseConnection->query()
#4 /home/borjaquinones/web/borja.com.es/public_html/ProyectoDosDAW/api_backend/system/Model.php(394): CodeIgniter\Database\BaseBuilder->insert()
#5 /home/borjaquinones/web/borja.com.es/public_html/ProyectoDosDAW/api_backend/system/BaseModel.php(839): CodeIgniter\Model->doInsert()
#6 /home/borjaquinones/web/borja.com.es/public_html/ProyectoDosDAW/api_backend/system/Model.php(800): CodeIgniter\BaseModel->insert()
#7 /home/borjaquinones/web/borja.com.es/public_html/ProyectoDosDAW/api_backend/app/Controllers/Clientes.php(82): CodeIgniter\Model->insert()
#8 /home/borjaquinones/web/borja.com.es/public_html/ProyectoDosDAW/api_backend/system/CodeIgniter.php(933): App\Controllers\Clientes->create()
#9 /home/borjaquinones/web/borja.com.es/public_html/ProyectoDosDAW/api_backend/system/CodeIgniter.php(507): CodeIgniter\CodeIgniter->runController()
#10 /home/borjaquinones/web/borja.com.es/public_html/ProyectoDosDAW/api_backend/system/CodeIgniter.php(354): CodeIgniter\CodeIgniter->handleRequest()
#11 /home/borjaquinones/web/borja.com.es/public_html/ProyectoDosDAW/api_backend/system/Boot.php(334): CodeIgniter\CodeIgniter->run()
#12 /home/borjaquinones/web/borja.com.es/public_html/ProyectoDosDAW/api_backend/system/Boot.php(67): CodeIgniter\Boot::runCodeIgniter()
#13 /home/borjaquinones/web/borja.com.es/public_html/ProyectoDosDAW/api_backend/public/index.php(56): CodeIgniter\Boot::bootWeb()
#14 {main}
CRITICAL - 2025-05-19 17:14:29 --> CodeIgniter\Database\Exceptions\DatabaseException: Column 'correo' cannot be null
[Method: POST, Route: clientes]
in SYSTEMPATH/Database/BaseConnection.php on line 692.
 1 SYSTEMPATH/Database/BaseBuilder.php(2345): CodeIgniter\Database\BaseConnection->query()
 2 SYSTEMPATH/Model.php(394): CodeIgniter\Database\BaseBuilder->insert()
 3 SYSTEMPATH/BaseModel.php(839): CodeIgniter\Model->doInsert()
 4 SYSTEMPATH/Model.php(800): CodeIgniter\BaseModel->insert()
 5 APPPATH/Controllers/Clientes.php(82): CodeIgniter\Model->insert()
 6 SYSTEMPATH/CodeIgniter.php(933): App\Controllers\Clientes->create()
 7 SYSTEMPATH/CodeIgniter.php(507): CodeIgniter\CodeIgniter->runController()
 8 SYSTEMPATH/CodeIgniter.php(354): CodeIgniter\CodeIgniter->handleRequest()
 9 SYSTEMPATH/Boot.php(334): CodeIgniter\CodeIgniter->run()
10 SYSTEMPATH/Boot.php(67): CodeIgniter\Boot::runCodeIgniter()
11 FCPATH/index.php(56): CodeIgniter\Boot::bootWeb()
CRITICAL - 2025-05-19 17:14:29 --> [Caused by] CodeIgniter\Database\Exceptions\DatabaseException: Column 'correo' cannot be null
in SYSTEMPATH/Database/MySQLi/Connection.php on line 332.
 1 SYSTEMPATH/Database/BaseConnection.php(738): CodeIgniter\Database\MySQLi\Connection->execute()
 2 SYSTEMPATH/Database/BaseConnection.php(652): CodeIgniter\Database\BaseConnection->simpleQuery()
 3 SYSTEMPATH/Database/BaseBuilder.php(2345): CodeIgniter\Database\BaseConnection->query()
 4 SYSTEMPATH/Model.php(394): CodeIgniter\Database\BaseBuilder->insert()
 5 SYSTEMPATH/BaseModel.php(839): CodeIgniter\Model->doInsert()
 6 SYSTEMPATH/Model.php(800): CodeIgniter\BaseModel->insert()
 7 APPPATH/Controllers/Clientes.php(82): CodeIgniter\Model->insert()
 8 SYSTEMPATH/CodeIgniter.php(933): App\Controllers\Clientes->create()
 9 SYSTEMPATH/CodeIgniter.php(507): CodeIgniter\CodeIgniter->runController()
10 SYSTEMPATH/CodeIgniter.php(354): CodeIgniter\CodeIgniter->handleRequest()
11 SYSTEMPATH/Boot.php(334): CodeIgniter\CodeIgniter->run()
12 SYSTEMPATH/Boot.php(67): CodeIgniter\Boot::runCodeIgniter()
13 FCPATH/index.php(56): CodeIgniter\Boot::bootWeb()
CRITICAL - 2025-05-19 17:14:29 --> [Caused by] mysqli_sql_exception: Column 'correo' cannot be null
in SYSTEMPATH/Database/MySQLi/Connection.php on line 327.
 1 SYSTEMPATH/Database/MySQLi/Connection.php(327): mysqli->query()
 2 SYSTEMPATH/Database/BaseConnection.php(738): CodeIgniter\Database\MySQLi\Connection->execute()
 3 SYSTEMPATH/Database/BaseConnection.php(652): CodeIgniter\Database\BaseConnection->simpleQuery()
 4 SYSTEMPATH/Database/BaseBuilder.php(2345): CodeIgniter\Database\BaseConnection->query()
 5 SYSTEMPATH/Model.php(394): CodeIgniter\Database\BaseBuilder->insert()
 6 SYSTEMPATH/BaseModel.php(839): CodeIgniter\Model->doInsert()
 7 SYSTEMPATH/Model.php(800): CodeIgniter\BaseModel->insert()
 8 APPPATH/Controllers/Clientes.php(82): CodeIgniter\Model->insert()
 9 SYSTEMPATH/CodeIgniter.php(933): App\Controllers\Clientes->create()
10 SYSTEMPATH/CodeIgniter.php(507): CodeIgniter\CodeIgniter->runController()
11 SYSTEMPATH/CodeIgniter.php(354): CodeIgniter\CodeIgniter->handleRequest()
12 SYSTEMPATH/Boot.php(334): CodeIgniter\CodeIgniter->run()
13 SYSTEMPATH/Boot.php(67): CodeIgniter\Boot::runCodeIgniter()
14 FCPATH/index.php(56): CodeIgniter\Boot::bootWeb()
ERROR - 2025-05-19 17:26:26 --> Error al registrar cliente: []
ERROR - 2025-05-19 17:27:11 --> mysqli_sql_exception: Duplicate entry 'prueba2@gmail.com' for key 'PRIMARY' in /home/borjaquinones/web/borja.com.es/public_html/ProyectoDosDAW/api_backend/system/Database/MySQLi/Connection.php:327
Stack trace:
#0 /home/borjaquinones/web/borja.com.es/public_html/ProyectoDosDAW/api_backend/system/Database/MySQLi/Connection.php(327): mysqli->query()
#1 /home/borjaquinones/web/borja.com.es/public_html/ProyectoDosDAW/api_backend/system/Database/BaseConnection.php(738): CodeIgniter\Database\MySQLi\Connection->execute()
#2 /home/borjaquinones/web/borja.com.es/public_html/ProyectoDosDAW/api_backend/system/Database/BaseConnection.php(652): CodeIgniter\Database\BaseConnection->simpleQuery()
#3 /home/borjaquinones/web/borja.com.es/public_html/ProyectoDosDAW/api_backend/system/Database/BaseBuilder.php(2345): CodeIgniter\Database\BaseConnection->query()
#4 /home/borjaquinones/web/borja.com.es/public_html/ProyectoDosDAW/api_backend/system/Model.php(394): CodeIgniter\Database\BaseBuilder->insert()
#5 /home/borjaquinones/web/borja.com.es/public_html/ProyectoDosDAW/api_backend/system/BaseModel.php(839): CodeIgniter\Model->doInsert()
#6 /home/borjaquinones/web/borja.com.es/public_html/ProyectoDosDAW/api_backend/system/Model.php(800): CodeIgniter\BaseModel->insert()
#7 /home/borjaquinones/web/borja.com.es/public_html/ProyectoDosDAW/api_backend/app/Controllers/Clientes.php(59): CodeIgniter\Model->insert()
#8 /home/borjaquinones/web/borja.com.es/public_html/ProyectoDosDAW/api_backend/system/CodeIgniter.php(933): App\Controllers\Clientes->create()
#9 /home/borjaquinones/web/borja.com.es/public_html/ProyectoDosDAW/api_backend/system/CodeIgniter.php(507): CodeIgniter\CodeIgniter->runController()
#10 /home/borjaquinones/web/borja.com.es/public_html/ProyectoDosDAW/api_backend/system/CodeIgniter.php(354): CodeIgniter\CodeIgniter->handleRequest()
#11 /home/borjaquinones/web/borja.com.es/public_html/ProyectoDosDAW/api_backend/system/Boot.php(334): CodeIgniter\CodeIgniter->run()
#12 /home/borjaquinones/web/borja.com.es/public_html/ProyectoDosDAW/api_backend/system/Boot.php(67): CodeIgniter\Boot::runCodeIgniter()
#13 /home/borjaquinones/web/borja.com.es/public_html/ProyectoDosDAW/api_backend/public/index.php(56): CodeIgniter\Boot::bootWeb()
#14 {main}
CRITICAL - 2025-05-19 17:27:11 --> CodeIgniter\Database\Exceptions\DatabaseException: Duplicate entry 'prueba2@gmail.com' for key 'PRIMARY'
[Method: POST, Route: clientes]
in SYSTEMPATH/Database/BaseConnection.php on line 692.
 1 SYSTEMPATH/Database/BaseBuilder.php(2345): CodeIgniter\Database\BaseConnection->query()
 2 SYSTEMPATH/Model.php(394): CodeIgniter\Database\BaseBuilder->insert()
 3 SYSTEMPATH/BaseModel.php(839): CodeIgniter\Model->doInsert()
 4 SYSTEMPATH/Model.php(800): CodeIgniter\BaseModel->insert()
 5 APPPATH/Controllers/Clientes.php(59): CodeIgniter\Model->insert()
 6 SYSTEMPATH/CodeIgniter.php(933): App\Controllers\Clientes->create()
 7 SYSTEMPATH/CodeIgniter.php(507): CodeIgniter\CodeIgniter->runController()
 8 SYSTEMPATH/CodeIgniter.php(354): CodeIgniter\CodeIgniter->handleRequest()
 9 SYSTEMPATH/Boot.php(334): CodeIgniter\CodeIgniter->run()
10 SYSTEMPATH/Boot.php(67): CodeIgniter\Boot::runCodeIgniter()
11 FCPATH/index.php(56): CodeIgniter\Boot::bootWeb()
CRITICAL - 2025-05-19 17:27:11 --> [Caused by] CodeIgniter\Database\Exceptions\DatabaseException: Duplicate entry 'prueba2@gmail.com' for key 'PRIMARY'
in SYSTEMPATH/Database/MySQLi/Connection.php on line 332.
 1 SYSTEMPATH/Database/BaseConnection.php(738): CodeIgniter\Database\MySQLi\Connection->execute()
 2 SYSTEMPATH/Database/BaseConnection.php(652): CodeIgniter\Database\BaseConnection->simpleQuery()
 3 SYSTEMPATH/Database/BaseBuilder.php(2345): CodeIgniter\Database\BaseConnection->query()
 4 SYSTEMPATH/Model.php(394): CodeIgniter\Database\BaseBuilder->insert()
 5 SYSTEMPATH/BaseModel.php(839): CodeIgniter\Model->doInsert()
 6 SYSTEMPATH/Model.php(800): CodeIgniter\BaseModel->insert()
 7 APPPATH/Controllers/Clientes.php(59): CodeIgniter\Model->insert()
 8 SYSTEMPATH/CodeIgniter.php(933): App\Controllers\Clientes->create()
 9 SYSTEMPATH/CodeIgniter.php(507): CodeIgniter\CodeIgniter->runController()
10 SYSTEMPATH/CodeIgniter.php(354): CodeIgniter\CodeIgniter->handleRequest()
11 SYSTEMPATH/Boot.php(334): CodeIgniter\CodeIgniter->run()
12 SYSTEMPATH/Boot.php(67): CodeIgniter\Boot::runCodeIgniter()
13 FCPATH/index.php(56): CodeIgniter\Boot::bootWeb()
CRITICAL - 2025-05-19 17:27:11 --> [Caused by] mysqli_sql_exception: Duplicate entry 'prueba2@gmail.com' for key 'PRIMARY'
in SYSTEMPATH/Database/MySQLi/Connection.php on line 327.
 1 SYSTEMPATH/Database/MySQLi/Connection.php(327): mysqli->query()
 2 SYSTEMPATH/Database/BaseConnection.php(738): CodeIgniter\Database\MySQLi\Connection->execute()
 3 SYSTEMPATH/Database/BaseConnection.php(652): CodeIgniter\Database\BaseConnection->simpleQuery()
 4 SYSTEMPATH/Database/BaseBuilder.php(2345): CodeIgniter\Database\BaseConnection->query()
 5 SYSTEMPATH/Model.php(394): CodeIgniter\Database\BaseBuilder->insert()
 6 SYSTEMPATH/BaseModel.php(839): CodeIgniter\Model->doInsert()
 7 SYSTEMPATH/Model.php(800): CodeIgniter\BaseModel->insert()
 8 APPPATH/Controllers/Clientes.php(59): CodeIgniter\Model->insert()
 9 SYSTEMPATH/CodeIgniter.php(933): App\Controllers\Clientes->create()
10 SYSTEMPATH/CodeIgniter.php(507): CodeIgniter\CodeIgniter->runController()
11 SYSTEMPATH/CodeIgniter.php(354): CodeIgniter\CodeIgniter->handleRequest()
12 SYSTEMPATH/Boot.php(334): CodeIgniter\CodeIgniter->run()
13 SYSTEMPATH/Boot.php(67): CodeIgniter\Boot::runCodeIgniter()
14 FCPATH/index.php(56): CodeIgniter\Boot::bootWeb()
ERROR - 2025-05-19 17:27:52 --> Error al registrar cliente: []
ERROR - 2025-05-19 17:28:31 --> Error al registrar cliente: []




ERROR - 2025-05-19 17:40:24 --> Error al registrar cliente: {"correo":"The correo field must contain a unique value."}
ERROR - 2025-05-19 17:42:43 --> Error al registrar cliente: []
