CRITICAL - 2025-05-13 14:25:38 --> ErrorException: Undefined array key "correo"
[Method: GET, Route: admin/empleados]
in APPPATH\Views\admin\empleados_view.php on line 232.
 1 APPPATH\Views\admin\empleados_view.php(232): CodeIgniter\Debug\Exceptions->errorHandler(2, 'Undefined array key "correo"', 'C:\\xampp\\htdocs\\ProyectoFinal-2DAW\\api_backend\\app\\Views\\admin\\empleados_view.php', 232)
 2 SYSTEMPATH\View\View.php(224): include('C:\\xampp\\htdocs\\ProyectoFinal-2DAW\\api_backend\\app\\Views\\admin\\empleados_view.php')
 3 SYSTEMPATH\View\View.php(227): CodeIgniter\View\View->CodeIgniter\View\{closure}()
 4 SYSTEMPATH\Common.php(1173): CodeIgniter\View\View->render('admin/empleados_view', [], true)
 5 APPPATH\Controllers\AdminPanelEmpleados.php(22): view('admin/empleados_view', [...])
 6 SYSTEMPATH\CodeIgniter.php(933): App\Controllers\AdminPanelEmpleados->empleados()
 7 SYSTEMPATH\CodeIgniter.php(507): CodeIgniter\CodeIgniter->runController(Object(App\Controllers\AdminPanelEmpleados))
 8 SYSTEMPATH\CodeIgniter.php(354): CodeIgniter\CodeIgniter->handleRequest(null, Object(Config\Cache), false)
 9 SYSTEMPATH\Boot.php(334): CodeIgniter\CodeIgniter->run()
10 SYSTEMPATH\Boot.php(67): CodeIgniter\Boot::runCodeIgniter(Object(CodeIgniter\CodeIgniter))
11 FCPATH\index.php(56): CodeIgniter\Boot::bootWeb(Object(Config\Paths))
CRITICAL - 2025-05-13 15:01:49 --> ErrorException: Undefined variable $empleados
[Method: GET, Route: admin/clientes]
in APPPATH\Views\admin\clientes_view.php on line 216.
 1 APPPATH\Views\admin\clientes_view.php(216): CodeIgniter\Debug\Exceptions->errorHandler(2, 'Undefined variable $empleados', 'C:\\xampp\\htdocs\\ProyectoFinal-2DAW\\api_backend\\app\\Views\\admin\\clientes_view.php', 216)
 2 SYSTEMPATH\View\View.php(224): include('C:\\xampp\\htdocs\\ProyectoFinal-2DAW\\api_backend\\app\\Views\\admin\\clientes_view.php')
 3 SYSTEMPATH\View\View.php(227): CodeIgniter\View\View->CodeIgniter\View\{closure}()
 4 SYSTEMPATH\Common.php(1173): CodeIgniter\View\View->render('admin/clientes_view', [], true)
 5 APPPATH\Controllers\AdminPanelClientes.php(22): view('admin/clientes_view', [...])
 6 SYSTEMPATH\CodeIgniter.php(933): App\Controllers\AdminPanelClientes->clientes()
 7 SYSTEMPATH\CodeIgniter.php(507): CodeIgniter\CodeIgniter->runController(Object(App\Controllers\AdminPanelClientes))
 8 SYSTEMPATH\CodeIgniter.php(354): CodeIgniter\CodeIgniter->handleRequest(null, Object(Config\Cache), false)
 9 SYSTEMPATH\Boot.php(334): CodeIgniter\CodeIgniter->run()
10 SYSTEMPATH\Boot.php(67): CodeIgniter\Boot::runCodeIgniter(Object(CodeIgniter\CodeIgniter))
11 FCPATH\index.php(56): CodeIgniter\Boot::bootWeb(Object(Config\Paths))
CRITICAL - 2025-05-13 15:09:58 --> ErrorException: Undefined variable $empleados
[Method: GET, Route: admin/clientes]
in APPPATH\Views\admin\clientes_view.php on line 215.
 1 APPPATH\Views\admin\clientes_view.php(215): CodeIgniter\Debug\Exceptions->errorHandler(2, 'Undefined variable $empleados', 'C:\\xampp\\htdocs\\ProyectoFinal-2DAW\\api_backend\\app\\Views\\admin\\clientes_view.php', 215)
 2 SYSTEMPATH\View\View.php(224): include('C:\\xampp\\htdocs\\ProyectoFinal-2DAW\\api_backend\\app\\Views\\admin\\clientes_view.php')
 3 SYSTEMPATH\View\View.php(227): CodeIgniter\View\View->CodeIgniter\View\{closure}()
 4 SYSTEMPATH\Common.php(1173): CodeIgniter\View\View->render('admin/clientes_view', [], true)
 5 APPPATH\Controllers\AdminPanelClientes.php(22): view('admin/clientes_view', [...])
 6 SYSTEMPATH\CodeIgniter.php(933): App\Controllers\AdminPanelClientes->clientes()
 7 SYSTEMPATH\CodeIgniter.php(507): CodeIgniter\CodeIgniter->runController(Object(App\Controllers\AdminPanelClientes))
 8 SYSTEMPATH\CodeIgniter.php(354): CodeIgniter\CodeIgniter->handleRequest(null, Object(Config\Cache), false)
 9 SYSTEMPATH\Boot.php(334): CodeIgniter\CodeIgniter->run()
10 SYSTEMPATH\Boot.php(67): CodeIgniter\Boot::runCodeIgniter(Object(CodeIgniter\CodeIgniter))
11 FCPATH\index.php(56): CodeIgniter\Boot::bootWeb(Object(Config\Paths))
CRITICAL - 2025-05-13 15:50:24 --> ErrorException: Undefined array key "dni"
[Method: GET, Route: admin/clientes]
in APPPATH\Views\admin\clientes_view.php on line 259.
 1 APPPATH\Views\admin\clientes_view.php(259): CodeIgniter\Debug\Exceptions->errorHandler(2, 'Undefined array key "dni"', 'C:\\xampp\\htdocs\\ProyectoFinal-2DAW\\api_backend\\app\\Views\\admin\\clientes_view.php', 259)
 2 SYSTEMPATH\View\View.php(224): include('C:\\xampp\\htdocs\\ProyectoFinal-2DAW\\api_backend\\app\\Views\\admin\\clientes_view.php')
 3 SYSTEMPATH\View\View.php(227): CodeIgniter\View\View->CodeIgniter\View\{closure}()
 4 SYSTEMPATH\Common.php(1173): CodeIgniter\View\View->render('admin/clientes_view', [], true)
 5 APPPATH\Controllers\AdminPanelClientes.php(22): view('admin/clientes_view', [...])
 6 SYSTEMPATH\CodeIgniter.php(933): App\Controllers\AdminPanelClientes->clientes()
 7 SYSTEMPATH\CodeIgniter.php(507): CodeIgniter\CodeIgniter->runController(Object(App\Controllers\AdminPanelClientes))
 8 SYSTEMPATH\CodeIgniter.php(354): CodeIgniter\CodeIgniter->handleRequest(null, Object(Config\Cache), false)
 9 SYSTEMPATH\Boot.php(334): CodeIgniter\CodeIgniter->run()
10 SYSTEMPATH\Boot.php(67): CodeIgniter\Boot::runCodeIgniter(Object(CodeIgniter\CodeIgniter))
11 FCPATH\index.php(56): CodeIgniter\Boot::bootWeb(Object(Config\Paths))
