CRITICAL - 2025-04-22 16:37:21 --> CodeIgniter\Exceptions\ModelException: "App\Models\PistasClientesModel" model class does not specify a Primary Key.
[Method: GET, Route: pistasClientes]
in SYSTEMPATH/Model.php on line 704.
 1 SYSTEMPATH/Model.php(704): CodeIgniter\Exceptions\ModelException::forNoPrimaryKey()
 2 SYSTEMPATH/Model.php(273): CodeIgniter\Model->builder()
 3 SYSTEMPATH/BaseModel.php(675): CodeIgniter\Model->doFindAll()
 4 APPPATH/Controllers/PistasClientes.php(134): CodeIgniter\BaseModel->findAll()
 5 SYSTEMPATH/CodeIgniter.php(933): App\Controllers\PistasClientes->index()
 6 SYSTEMPATH/CodeIgniter.php(507): CodeIgniter\CodeIgniter->runController()
 7 SYSTEMPATH/CodeIgniter.php(354): CodeIgniter\CodeIgniter->handleRequest()
 8 SYSTEMPATH/Boot.php(334): CodeIgniter\CodeIgniter->run()
 9 SYSTEMPATH/Boot.php(67): CodeIgniter\Boot::runCodeIgniter()
10 FCPATH/index.php(56): CodeIgniter\Boot::bootWeb()
CRITICAL - 2025-04-22 16:37:41 --> CodeIgniter\Exceptions\ModelException: "App\Models\PistasClientesModel" model class does not specify a Primary Key.
[Method: GET, Route: pistasClientes]
in SYSTEMPATH/Model.php on line 704.
 1 SYSTEMPATH/Model.php(704): CodeIgniter\Exceptions\ModelException::forNoPrimaryKey()
 2 SYSTEMPATH/Model.php(273): CodeIgniter\Model->builder()
 3 SYSTEMPATH/BaseModel.php(675): CodeIgniter\Model->doFindAll()
 4 APPPATH/Controllers/PistasClientes.php(134): CodeIgniter\BaseModel->findAll()
 5 SYSTEMPATH/CodeIgniter.php(933): App\Controllers\PistasClientes->index()
 6 SYSTEMPATH/CodeIgniter.php(507): CodeIgniter\CodeIgniter->runController()
 7 SYSTEMPATH/CodeIgniter.php(354): CodeIgniter\CodeIgniter->handleRequest()
 8 SYSTEMPATH/Boot.php(334): CodeIgniter\CodeIgniter->run()
 9 SYSTEMPATH/Boot.php(67): CodeIgniter\Boot::runCodeIgniter()
10 FCPATH/index.php(56): CodeIgniter\Boot::bootWeb()
CRITICAL - 2025-04-22 16:38:50 --> CodeIgniter\Exceptions\ModelException: "App\Models\PistasClientesModel" model class does not specify a Primary Key.
[Method: GET, Route: pistasClientes]
in SYSTEMPATH/Model.php on line 704.
 1 SYSTEMPATH/Model.php(704): CodeIgniter\Exceptions\ModelException::forNoPrimaryKey()
 2 SYSTEMPATH/Model.php(273): CodeIgniter\Model->builder()
 3 SYSTEMPATH/BaseModel.php(675): CodeIgniter\Model->doFindAll()
 4 APPPATH/Controllers/PistasClientes.php(134): CodeIgniter\BaseModel->findAll()
 5 SYSTEMPATH/CodeIgniter.php(933): App\Controllers\PistasClientes->index()
 6 SYSTEMPATH/CodeIgniter.php(507): CodeIgniter\CodeIgniter->runController()
 7 SYSTEMPATH/CodeIgniter.php(354): CodeIgniter\CodeIgniter->handleRequest()
 8 SYSTEMPATH/Boot.php(334): CodeIgniter\CodeIgniter->run()
 9 SYSTEMPATH/Boot.php(67): CodeIgniter\Boot::runCodeIgniter()
10 FCPATH/index.php(56): CodeIgniter\Boot::bootWeb()
CRITICAL - 2025-04-22 16:39:08 --> CodeIgniter\Exceptions\ModelException: "App\Models\PistasClientesModel" model class does not specify a Primary Key.
[Method: GET, Route: pistasClientes]
in SYSTEMPATH/Model.php on line 704.
 1 SYSTEMPATH/Model.php(704): CodeIgniter\Exceptions\ModelException::forNoPrimaryKey()
 2 SYSTEMPATH/Model.php(273): CodeIgniter\Model->builder()
 3 SYSTEMPATH/BaseModel.php(675): CodeIgniter\Model->doFindAll()
 4 APPPATH/Controllers/PistasClientes.php(134): CodeIgniter\BaseModel->findAll()
 5 SYSTEMPATH/CodeIgniter.php(933): App\Controllers\PistasClientes->index()
 6 SYSTEMPATH/CodeIgniter.php(507): CodeIgniter\CodeIgniter->runController()
 7 SYSTEMPATH/CodeIgniter.php(354): CodeIgniter\CodeIgniter->handleRequest()
 8 SYSTEMPATH/Boot.php(334): CodeIgniter\CodeIgniter->run()
 9 SYSTEMPATH/Boot.php(67): CodeIgniter\Boot::runCodeIgniter()
10 FCPATH/index.php(56): CodeIgniter\Boot::bootWeb()
CRITICAL - 2025-04-22 16:39:12 --> CodeIgniter\Exceptions\ModelException: "App\Models\PistasClientesModel" model class does not specify a Primary Key.
[Method: GET, Route: pistasClientes]
in SYSTEMPATH/Model.php on line 704.
 1 SYSTEMPATH/Model.php(704): CodeIgniter\Exceptions\ModelException::forNoPrimaryKey()
 2 SYSTEMPATH/Model.php(273): CodeIgniter\Model->builder()
 3 SYSTEMPATH/BaseModel.php(675): CodeIgniter\Model->doFindAll()
 4 APPPATH/Controllers/PistasClientes.php(134): CodeIgniter\BaseModel->findAll()
 5 SYSTEMPATH/CodeIgniter.php(933): App\Controllers\PistasClientes->index()
 6 SYSTEMPATH/CodeIgniter.php(507): CodeIgniter\CodeIgniter->runController()
 7 SYSTEMPATH/CodeIgniter.php(354): CodeIgniter\CodeIgniter->handleRequest()
 8 SYSTEMPATH/Boot.php(334): CodeIgniter\CodeIgniter->run()
 9 SYSTEMPATH/Boot.php(67): CodeIgniter\Boot::runCodeIgniter()
10 FCPATH/index.php(56): CodeIgniter\Boot::bootWeb()
CRITICAL - 2025-04-22 16:39:15 --> CodeIgniter\Exceptions\ModelException: "App\Models\PistasClientesModel" model class does not specify a Primary Key.
[Method: GET, Route: pistasClientes]
in SYSTEMPATH/Model.php on line 704.
 1 SYSTEMPATH/Model.php(704): CodeIgniter\Exceptions\ModelException::forNoPrimaryKey()
 2 SYSTEMPATH/Model.php(273): CodeIgniter\Model->builder()
 3 SYSTEMPATH/BaseModel.php(675): CodeIgniter\Model->doFindAll()
 4 APPPATH/Controllers/PistasClientes.php(134): CodeIgniter\BaseModel->findAll()
 5 SYSTEMPATH/CodeIgniter.php(933): App\Controllers\PistasClientes->index()
 6 SYSTEMPATH/CodeIgniter.php(507): CodeIgniter\CodeIgniter->runController()
 7 SYSTEMPATH/CodeIgniter.php(354): CodeIgniter\CodeIgniter->handleRequest()
 8 SYSTEMPATH/Boot.php(334): CodeIgniter\CodeIgniter->run()
 9 SYSTEMPATH/Boot.php(67): CodeIgniter\Boot::runCodeIgniter()
10 FCPATH/index.php(56): CodeIgniter\Boot::bootWeb()
CRITICAL - 2025-04-22 16:47:22 --> CodeIgniter\Exceptions\ModelException: "App\Models\PistasClientesModel" model class does not specify a Primary Key.
[Method: GET, Route: pistasClientes]
in SYSTEMPATH/Model.php on line 704.
 1 SYSTEMPATH/Model.php(704): CodeIgniter\Exceptions\ModelException::forNoPrimaryKey()
 2 SYSTEMPATH/Model.php(273): CodeIgniter\Model->builder()
 3 SYSTEMPATH/BaseModel.php(675): CodeIgniter\Model->doFindAll()
 4 APPPATH/Controllers/PistasClientes.php(134): CodeIgniter\BaseModel->findAll()
 5 SYSTEMPATH/CodeIgniter.php(933): App\Controllers\PistasClientes->index()
 6 SYSTEMPATH/CodeIgniter.php(507): CodeIgniter\CodeIgniter->runController()
 7 SYSTEMPATH/CodeIgniter.php(354): CodeIgniter\CodeIgniter->handleRequest()
 8 SYSTEMPATH/Boot.php(334): CodeIgniter\CodeIgniter->run()
 9 SYSTEMPATH/Boot.php(67): CodeIgniter\Boot::runCodeIgniter()
10 FCPATH/index.php(56): CodeIgniter\Boot::bootWeb()
CRITICAL - 2025-04-22 16:48:21 --> CodeIgniter\Exceptions\ModelException: "App\Models\PistasClientesModel" model class does not specify a Primary Key.
[Method: GET, Route: pistasClientes]
in SYSTEMPATH/Model.php on line 704.
 1 SYSTEMPATH/Model.php(704): CodeIgniter\Exceptions\ModelException::forNoPrimaryKey()
 2 SYSTEMPATH/Model.php(273): CodeIgniter\Model->builder()
 3 SYSTEMPATH/BaseModel.php(675): CodeIgniter\Model->doFindAll()
 4 APPPATH/Controllers/PistasClientes.php(134): CodeIgniter\BaseModel->findAll()
 5 SYSTEMPATH/CodeIgniter.php(933): App\Controllers\PistasClientes->index()
 6 SYSTEMPATH/CodeIgniter.php(507): CodeIgniter\CodeIgniter->runController()
 7 SYSTEMPATH/CodeIgniter.php(354): CodeIgniter\CodeIgniter->handleRequest()
 8 SYSTEMPATH/Boot.php(334): CodeIgniter\CodeIgniter->run()
 9 SYSTEMPATH/Boot.php(67): CodeIgniter\Boot::runCodeIgniter()
10 FCPATH/index.php(56): CodeIgniter\Boot::bootWeb()
CRITICAL - 2025-04-22 16:49:02 --> CodeIgniter\Exceptions\ModelException: "App\Models\PistasClientesModel" model class does not specify a Primary Key.
[Method: GET, Route: pistasClientes]
in SYSTEMPATH/Model.php on line 704.
 1 SYSTEMPATH/Model.php(704): CodeIgniter\Exceptions\ModelException::forNoPrimaryKey()
 2 SYSTEMPATH/Model.php(273): CodeIgniter\Model->builder()
 3 SYSTEMPATH/BaseModel.php(675): CodeIgniter\Model->doFindAll()
 4 APPPATH/Controllers/PistasClientes.php(134): CodeIgniter\BaseModel->findAll()
 5 SYSTEMPATH/CodeIgniter.php(933): App\Controllers\PistasClientes->index()
 6 SYSTEMPATH/CodeIgniter.php(507): CodeIgniter\CodeIgniter->runController()
 7 SYSTEMPATH/CodeIgniter.php(354): CodeIgniter\CodeIgniter->handleRequest()
 8 SYSTEMPATH/Boot.php(334): CodeIgniter\CodeIgniter->run()
 9 SYSTEMPATH/Boot.php(67): CodeIgniter\Boot::runCodeIgniter()
10 FCPATH/index.php(56): CodeIgniter\Boot::bootWeb()
CRITICAL - 2025-04-22 16:49:13 --> CodeIgniter\Exceptions\ModelException: "App\Models\PistasClientesModel" model class does not specify a Primary Key.
[Method: GET, Route: pistasClientes]
in SYSTEMPATH/Model.php on line 704.
 1 SYSTEMPATH/Model.php(704): CodeIgniter\Exceptions\ModelException::forNoPrimaryKey()
 2 SYSTEMPATH/Model.php(273): CodeIgniter\Model->builder()
 3 SYSTEMPATH/BaseModel.php(675): CodeIgniter\Model->doFindAll()
 4 APPPATH/Controllers/PistasClientes.php(134): CodeIgniter\BaseModel->findAll()
 5 SYSTEMPATH/CodeIgniter.php(933): App\Controllers\PistasClientes->index()
 6 SYSTEMPATH/CodeIgniter.php(507): CodeIgniter\CodeIgniter->runController()
 7 SYSTEMPATH/CodeIgniter.php(354): CodeIgniter\CodeIgniter->handleRequest()
 8 SYSTEMPATH/Boot.php(334): CodeIgniter\CodeIgniter->run()
 9 SYSTEMPATH/Boot.php(67): CodeIgniter\Boot::runCodeIgniter()
10 FCPATH/index.php(56): CodeIgniter\Boot::bootWeb()
CRITICAL - 2025-04-22 16:52:55 --> CodeIgniter\Exceptions\ModelException: "App\Models\PistasClientesModel" model class does not specify a Primary Key.
[Method: GET, Route: pistasClientes]
in SYSTEMPATH/Model.php on line 704.
 1 SYSTEMPATH/Model.php(704): CodeIgniter\Exceptions\ModelException::forNoPrimaryKey()
 2 SYSTEMPATH/Model.php(273): CodeIgniter\Model->builder()
 3 SYSTEMPATH/BaseModel.php(675): CodeIgniter\Model->doFindAll()
 4 APPPATH/Controllers/PistasClientes.php(134): CodeIgniter\BaseModel->findAll()
 5 SYSTEMPATH/CodeIgniter.php(933): App\Controllers\PistasClientes->index()
 6 SYSTEMPATH/CodeIgniter.php(507): CodeIgniter\CodeIgniter->runController()
 7 SYSTEMPATH/CodeIgniter.php(354): CodeIgniter\CodeIgniter->handleRequest()
 8 SYSTEMPATH/Boot.php(334): CodeIgniter\CodeIgniter->run()
 9 SYSTEMPATH/Boot.php(67): CodeIgniter\Boot::runCodeIgniter()
10 FCPATH/index.php(56): CodeIgniter\Boot::bootWeb()
CRITICAL - 2025-04-22 16:53:01 --> CodeIgniter\Exceptions\ModelException: "App\Models\PistasClientesModel" model class does not specify a Primary Key.
[Method: GET, Route: pistasClientes]
in SYSTEMPATH/Model.php on line 704.
 1 SYSTEMPATH/Model.php(704): CodeIgniter\Exceptions\ModelException::forNoPrimaryKey()
 2 SYSTEMPATH/Model.php(273): CodeIgniter\Model->builder()
 3 SYSTEMPATH/BaseModel.php(675): CodeIgniter\Model->doFindAll()
 4 APPPATH/Controllers/PistasClientes.php(134): CodeIgniter\BaseModel->findAll()
 5 SYSTEMPATH/CodeIgniter.php(933): App\Controllers\PistasClientes->index()
 6 SYSTEMPATH/CodeIgniter.php(507): CodeIgniter\CodeIgniter->runController()
 7 SYSTEMPATH/CodeIgniter.php(354): CodeIgniter\CodeIgniter->handleRequest()
 8 SYSTEMPATH/Boot.php(334): CodeIgniter\CodeIgniter->run()
 9 SYSTEMPATH/Boot.php(67): CodeIgniter\Boot::runCodeIgniter()
10 FCPATH/index.php(56): CodeIgniter\Boot::bootWeb()
CRITICAL - 2025-04-22 16:56:01 --> CodeIgniter\Exceptions\ModelException: "App\Models\PistasClientesModel" model class does not specify a Primary Key.
[Method: GET, Route: pistasClientes]
in SYSTEMPATH/Model.php on line 704.
 1 SYSTEMPATH/Model.php(704): CodeIgniter\Exceptions\ModelException::forNoPrimaryKey()
 2 SYSTEMPATH/Model.php(273): CodeIgniter\Model->builder()
 3 SYSTEMPATH/BaseModel.php(675): CodeIgniter\Model->doFindAll()
 4 APPPATH/Controllers/PistasClientes.php(134): CodeIgniter\BaseModel->findAll()
 5 SYSTEMPATH/CodeIgniter.php(933): App\Controllers\PistasClientes->index()
 6 SYSTEMPATH/CodeIgniter.php(507): CodeIgniter\CodeIgniter->runController()
 7 SYSTEMPATH/CodeIgniter.php(354): CodeIgniter\CodeIgniter->handleRequest()
 8 SYSTEMPATH/Boot.php(334): CodeIgniter\CodeIgniter->run()
 9 SYSTEMPATH/Boot.php(67): CodeIgniter\Boot::runCodeIgniter()
10 FCPATH/index.php(56): CodeIgniter\Boot::bootWeb()
CRITICAL - 2025-04-22 16:56:36 --> CodeIgniter\Exceptions\ModelException: "App\Models\PistasClientesModel" model class does not specify a Primary Key.
[Method: GET, Route: pistasClientes]
in SYSTEMPATH/Model.php on line 704.
 1 SYSTEMPATH/Model.php(704): CodeIgniter\Exceptions\ModelException::forNoPrimaryKey()
 2 SYSTEMPATH/Model.php(273): CodeIgniter\Model->builder()
 3 SYSTEMPATH/BaseModel.php(675): CodeIgniter\Model->doFindAll()
 4 APPPATH/Controllers/PistasClientes.php(134): CodeIgniter\BaseModel->findAll()
 5 SYSTEMPATH/CodeIgniter.php(933): App\Controllers\PistasClientes->index()
 6 SYSTEMPATH/CodeIgniter.php(507): CodeIgniter\CodeIgniter->runController()
 7 SYSTEMPATH/CodeIgniter.php(354): CodeIgniter\CodeIgniter->handleRequest()
 8 SYSTEMPATH/Boot.php(334): CodeIgniter\CodeIgniter->run()
 9 SYSTEMPATH/Boot.php(67): CodeIgniter\Boot::runCodeIgniter()
10 FCPATH/index.php(56): CodeIgniter\Boot::bootWeb()
