CRITICAL - 2025-05-26 19:17:04 --> Error: Array callback must have exactly two elements
[Method: POST, Route: pagarYReservar]
in APPPATH/Controllers/PistasClientes.php on line 179.
 1 SYSTEMPATH/CodeIgniter.php(933): App\Controllers\PistasClientes->pagarYReservar()
 2 SYSTEMPATH/CodeIgniter.php(507): CodeIgniter\CodeIgniter->runController()
 3 SYSTEMPATH/CodeIgniter.php(354): CodeIgniter\CodeIgniter->handleRequest()
 4 SYSTEMPATH/Boot.php(334): CodeIgniter\CodeIgniter->run()
 5 SYSTEMPATH/Boot.php(67): CodeIgniter\Boot::runCodeIgniter()
 6 FCPATH/index.php(56): CodeIgniter\Boot::bootWeb()
CRITICAL - 2025-05-26 19:17:21 --> Error: Array callback must have exactly two elements
[Method: POST, Route: pagarYReservar]
in APPPATH/Controllers/PistasClientes.php on line 179.
 1 SYSTEMPATH/CodeIgniter.php(933): App\Controllers\PistasClientes->pagarYReservar()
 2 SYSTEMPATH/CodeIgniter.php(507): CodeIgniter\CodeIgniter->runController()
 3 SYSTEMPATH/CodeIgniter.php(354): CodeIgniter\CodeIgniter->handleRequest()
 4 SYSTEMPATH/Boot.php(334): CodeIgniter\CodeIgniter->run()
 5 SYSTEMPATH/Boot.php(67): CodeIgniter\Boot::runCodeIgniter()
 6 FCPATH/index.php(56): CodeIgniter\Boot::bootWeb()
ERROR - 2025-05-26 20:31:27 --> Error al registrar cliente: {"correo":"The correo field must contain a unique value.","username":"The username field must contain a unique value."}
ERROR - 2025-05-26 20:31:32 --> Error al registrar cliente: {"correo":"The correo field must contain a unique value.","username":"The username field must contain a unique value."}
ERROR - 2025-05-26 20:31:34 --> Error al registrar cliente: {"correo":"The correo field must contain a unique value.","username":"The username field must contain a unique value."}
ERROR - 2025-05-26 20:31:35 --> Error al registrar cliente: {"correo":"The correo field must contain a unique value.","username":"The username field must contain a unique value."}
ERROR - 2025-05-26 20:33:45 --> Error al registrar cliente: []
