ERROR - 2025-04-14 15:56:37 --> Error connecting to the database: mysqli_sql_exception: Access denied for user ''@'localhost' (using password: NO) in /home/borjaquinones/web/borja.com.es/public_html/Proyecto2DAW/api_backend/system/Database/MySQLi/Connection.php:201
Stack trace:
#0 /home/borjaquinones/web/borja.com.es/public_html/Proyecto2DAW/api_backend/system/Database/MySQLi/Connection.php(201): mysqli->real_connect()
#1 /home/borjaquinones/web/borja.com.es/public_html/Proyecto2DAW/api_backend/system/Database/BaseConnection.php(421): CodeIgniter\Database\MySQLi\Connection->connect()
#2 /home/borjaquinones/web/borja.com.es/public_html/Proyecto2DAW/api_backend/system/Database/BaseConnection.php(620): CodeIgniter\Database\BaseConnection->initialize()
#3 /home/borjaquinones/web/borja.com.es/public_html/Proyecto2DAW/api_backend/system/Database/BaseBuilder.php(1649): CodeIgniter\Database\BaseConnection->query()
#4 /home/borjaquinones/web/borja.com.es/public_html/Proyecto2DAW/api_backend/system/Model.php(286): CodeIgniter\Database\BaseBuilder->get()
#5 /home/borjaquinones/web/borja.com.es/public_html/Proyecto2DAW/api_backend/system/BaseModel.php(675): CodeIgniter\Model->doFindAll()
#6 /home/borjaquinones/web/borja.com.es/public_html/Proyecto2DAW/api_backend/app/Controllers/Pistas.php(17): CodeIgniter\BaseModel->findAll()
#7 /home/borjaquinones/web/borja.com.es/public_html/Proyecto2DAW/api_backend/system/CodeIgniter.php(933): App\Controllers\Pistas->index()
#8 /home/borjaquinones/web/borja.com.es/public_html/Proyecto2DAW/api_backend/system/CodeIgniter.php(507): CodeIgniter\CodeIgniter->runController()
#9 /home/borjaquinones/web/borja.com.es/public_html/Proyecto2DAW/api_backend/system/CodeIgniter.php(354): CodeIgniter\CodeIgniter->handleRequest()
#10 /home/borjaquinones/web/borja.com.es/public_html/Proyecto2DAW/api_backend/system/Boot.php(334): CodeIgniter\CodeIgniter->run()
#11 /home/borjaquinones/web/borja.com.es/public_html/Proyecto2DAW/api_backend/system/Boot.php(67): CodeIgniter\Boot::runCodeIgniter()
#12 /home/borjaquinones/web/borja.com.es/public_html/Proyecto2DAW/api_backend/public/index.php(56): CodeIgniter\Boot::bootWeb()
#13 {main}

Next CodeIgniter\Database\Exceptions\DatabaseException: Access denied for user ''@'localhost' (using password: NO) in /home/borjaquinones/web/borja.com.es/public_html/Proyecto2DAW/api_backend/system/Database/MySQLi/Connection.php:246
Stack trace:
#0 /home/borjaquinones/web/borja.com.es/public_html/Proyecto2DAW/api_backend/system/Database/BaseConnection.php(421): CodeIgniter\Database\MySQLi\Connection->connect()
#1 /home/borjaquinones/web/borja.com.es/public_html/Proyecto2DAW/api_backend/system/Database/BaseConnection.php(620): CodeIgniter\Database\BaseConnection->initialize()
#2 /home/borjaquinones/web/borja.com.es/public_html/Proyecto2DAW/api_backend/system/Database/BaseBuilder.php(1649): CodeIgniter\Database\BaseConnection->query()
#3 /home/borjaquinones/web/borja.com.es/public_html/Proyecto2DAW/api_backend/system/Model.php(286): CodeIgniter\Database\BaseBuilder->get()
#4 /home/borjaquinones/web/borja.com.es/public_html/Proyecto2DAW/api_backend/system/BaseModel.php(675): CodeIgniter\Model->doFindAll()
#5 /home/borjaquinones/web/borja.com.es/public_html/Proyecto2DAW/api_backend/app/Controllers/Pistas.php(17): CodeIgniter\BaseModel->findAll()
#6 /home/borjaquinones/web/borja.com.es/public_html/Proyecto2DAW/api_backend/system/CodeIgniter.php(933): App\Controllers\Pistas->index()
#7 /home/borjaquinones/web/borja.com.es/public_html/Proyecto2DAW/api_backend/system/CodeIgniter.php(507): CodeIgniter\CodeIgniter->runController()
#8 /home/borjaquinones/web/borja.com.es/public_html/Proyecto2DAW/api_backend/system/CodeIgniter.php(354): CodeIgniter\CodeIgniter->handleRequest()
#9 /home/borjaquinones/web/borja.com.es/public_html/Proyecto2DAW/api_backend/system/Boot.php(334): CodeIgniter\CodeIgniter->run()
#10 /home/borjaquinones/web/borja.com.es/public_html/Proyecto2DAW/api_backend/system/Boot.php(67): CodeIgniter\Boot::runCodeIgniter()
#11 /home/borjaquinones/web/borja.com.es/public_html/Proyecto2DAW/api_backend/public/index.php(56): CodeIgniter\Boot::bootWeb()
#12 {main}
CRITICAL - 2025-04-14 15:56:37 --> CodeIgniter\Database\Exceptions\DatabaseException: Unable to connect to the database.
Main connection [MySQLi]: Access denied for user ''@'localhost' (using password: NO)
[Method: GET, Route: pistas]
in SYSTEMPATH/Database/BaseConnection.php on line 467.
 1 SYSTEMPATH/Database/BaseConnection.php(620): CodeIgniter\Database\BaseConnection->initialize()
 2 SYSTEMPATH/Database/BaseBuilder.php(1649): CodeIgniter\Database\BaseConnection->query()
 3 SYSTEMPATH/Model.php(286): CodeIgniter\Database\BaseBuilder->get()
 4 SYSTEMPATH/BaseModel.php(675): CodeIgniter\Model->doFindAll()
 5 APPPATH/Controllers/Pistas.php(17): CodeIgniter\BaseModel->findAll()
 6 SYSTEMPATH/CodeIgniter.php(933): App\Controllers\Pistas->index()
 7 SYSTEMPATH/CodeIgniter.php(507): CodeIgniter\CodeIgniter->runController()
 8 SYSTEMPATH/CodeIgniter.php(354): CodeIgniter\CodeIgniter->handleRequest()
 9 SYSTEMPATH/Boot.php(334): CodeIgniter\CodeIgniter->run()
10 SYSTEMPATH/Boot.php(67): CodeIgniter\Boot::runCodeIgniter()
11 FCPATH/index.php(56): CodeIgniter\Boot::bootWeb()
ERROR - 2025-04-14 16:03:34 --> Error connecting to the database: mysqli_sql_exception: Access denied for user ''@'localhost' (using password: NO) in /home/borjaquinones/web/borja.com.es/public_html/Proyecto2DAW/api_backend/system/Database/MySQLi/Connection.php:201
Stack trace:
#0 /home/borjaquinones/web/borja.com.es/public_html/Proyecto2DAW/api_backend/system/Database/MySQLi/Connection.php(201): mysqli->real_connect()
#1 /home/borjaquinones/web/borja.com.es/public_html/Proyecto2DAW/api_backend/system/Database/BaseConnection.php(421): CodeIgniter\Database\MySQLi\Connection->connect()
#2 /home/borjaquinones/web/borja.com.es/public_html/Proyecto2DAW/api_backend/system/Database/BaseConnection.php(620): CodeIgniter\Database\BaseConnection->initialize()
#3 /home/borjaquinones/web/borja.com.es/public_html/Proyecto2DAW/api_backend/system/Database/BaseBuilder.php(1649): CodeIgniter\Database\BaseConnection->query()
#4 /home/borjaquinones/web/borja.com.es/public_html/Proyecto2DAW/api_backend/system/Model.php(286): CodeIgniter\Database\BaseBuilder->get()
#5 /home/borjaquinones/web/borja.com.es/public_html/Proyecto2DAW/api_backend/system/BaseModel.php(675): CodeIgniter\Model->doFindAll()
#6 /home/borjaquinones/web/borja.com.es/public_html/Proyecto2DAW/api_backend/app/Controllers/Pistas.php(17): CodeIgniter\BaseModel->findAll()
#7 /home/borjaquinones/web/borja.com.es/public_html/Proyecto2DAW/api_backend/system/CodeIgniter.php(933): App\Controllers\Pistas->index()
#8 /home/borjaquinones/web/borja.com.es/public_html/Proyecto2DAW/api_backend/system/CodeIgniter.php(507): CodeIgniter\CodeIgniter->runController()
#9 /home/borjaquinones/web/borja.com.es/public_html/Proyecto2DAW/api_backend/system/CodeIgniter.php(354): CodeIgniter\CodeIgniter->handleRequest()
#10 /home/borjaquinones/web/borja.com.es/public_html/Proyecto2DAW/api_backend/system/Boot.php(334): CodeIgniter\CodeIgniter->run()
#11 /home/borjaquinones/web/borja.com.es/public_html/Proyecto2DAW/api_backend/system/Boot.php(67): CodeIgniter\Boot::runCodeIgniter()
#12 /home/borjaquinones/web/borja.com.es/public_html/Proyecto2DAW/api_backend/public/index.php(56): CodeIgniter\Boot::bootWeb()
#13 {main}

Next CodeIgniter\Database\Exceptions\DatabaseException: Access denied for user ''@'localhost' (using password: NO) in /home/borjaquinones/web/borja.com.es/public_html/Proyecto2DAW/api_backend/system/Database/MySQLi/Connection.php:246
Stack trace:
#0 /home/borjaquinones/web/borja.com.es/public_html/Proyecto2DAW/api_backend/system/Database/BaseConnection.php(421): CodeIgniter\Database\MySQLi\Connection->connect()
#1 /home/borjaquinones/web/borja.com.es/public_html/Proyecto2DAW/api_backend/system/Database/BaseConnection.php(620): CodeIgniter\Database\BaseConnection->initialize()
#2 /home/borjaquinones/web/borja.com.es/public_html/Proyecto2DAW/api_backend/system/Database/BaseBuilder.php(1649): CodeIgniter\Database\BaseConnection->query()
#3 /home/borjaquinones/web/borja.com.es/public_html/Proyecto2DAW/api_backend/system/Model.php(286): CodeIgniter\Database\BaseBuilder->get()
#4 /home/borjaquinones/web/borja.com.es/public_html/Proyecto2DAW/api_backend/system/BaseModel.php(675): CodeIgniter\Model->doFindAll()
#5 /home/borjaquinones/web/borja.com.es/public_html/Proyecto2DAW/api_backend/app/Controllers/Pistas.php(17): CodeIgniter\BaseModel->findAll()
#6 /home/borjaquinones/web/borja.com.es/public_html/Proyecto2DAW/api_backend/system/CodeIgniter.php(933): App\Controllers\Pistas->index()
#7 /home/borjaquinones/web/borja.com.es/public_html/Proyecto2DAW/api_backend/system/CodeIgniter.php(507): CodeIgniter\CodeIgniter->runController()
#8 /home/borjaquinones/web/borja.com.es/public_html/Proyecto2DAW/api_backend/system/CodeIgniter.php(354): CodeIgniter\CodeIgniter->handleRequest()
#9 /home/borjaquinones/web/borja.com.es/public_html/Proyecto2DAW/api_backend/system/Boot.php(334): CodeIgniter\CodeIgniter->run()
#10 /home/borjaquinones/web/borja.com.es/public_html/Proyecto2DAW/api_backend/system/Boot.php(67): CodeIgniter\Boot::runCodeIgniter()
#11 /home/borjaquinones/web/borja.com.es/public_html/Proyecto2DAW/api_backend/public/index.php(56): CodeIgniter\Boot::bootWeb()
#12 {main}
CRITICAL - 2025-04-14 16:03:34 --> CodeIgniter\Database\Exceptions\DatabaseException: Unable to connect to the database.
Main connection [MySQLi]: Access denied for user ''@'localhost' (using password: NO)
[Method: GET, Route: pistas]
in SYSTEMPATH/Database/BaseConnection.php on line 467.
 1 SYSTEMPATH/Database/BaseConnection.php(620): CodeIgniter\Database\BaseConnection->initialize()
 2 SYSTEMPATH/Database/BaseBuilder.php(1649): CodeIgniter\Database\BaseConnection->query()
 3 SYSTEMPATH/Model.php(286): CodeIgniter\Database\BaseBuilder->get()
 4 SYSTEMPATH/BaseModel.php(675): CodeIgniter\Model->doFindAll()
 5 APPPATH/Controllers/Pistas.php(17): CodeIgniter\BaseModel->findAll()
 6 SYSTEMPATH/CodeIgniter.php(933): App\Controllers\Pistas->index()
 7 SYSTEMPATH/CodeIgniter.php(507): CodeIgniter\CodeIgniter->runController()
 8 SYSTEMPATH/CodeIgniter.php(354): CodeIgniter\CodeIgniter->handleRequest()
 9 SYSTEMPATH/Boot.php(334): CodeIgniter\CodeIgniter->run()
10 SYSTEMPATH/Boot.php(67): CodeIgniter\Boot::runCodeIgniter()
11 FCPATH/index.php(56): CodeIgniter\Boot::bootWeb()
ERROR - 2025-04-14 16:11:44 --> Error connecting to the database: mysqli_sql_exception: Access denied for user ''@'localhost' (using password: NO) in /home/borjaquinones/web/borja.com.es/public_html/Proyecto2DAW/api_backend/system/Database/MySQLi/Connection.php:201
Stack trace:
#0 /home/borjaquinones/web/borja.com.es/public_html/Proyecto2DAW/api_backend/system/Database/MySQLi/Connection.php(201): mysqli->real_connect()
#1 /home/borjaquinones/web/borja.com.es/public_html/Proyecto2DAW/api_backend/system/Database/BaseConnection.php(421): CodeIgniter\Database\MySQLi\Connection->connect()
#2 /home/borjaquinones/web/borja.com.es/public_html/Proyecto2DAW/api_backend/system/Database/BaseConnection.php(620): CodeIgniter\Database\BaseConnection->initialize()
#3 /home/borjaquinones/web/borja.com.es/public_html/Proyecto2DAW/api_backend/system/Database/BaseBuilder.php(1649): CodeIgniter\Database\BaseConnection->query()
#4 /home/borjaquinones/web/borja.com.es/public_html/Proyecto2DAW/api_backend/system/Model.php(286): CodeIgniter\Database\BaseBuilder->get()
#5 /home/borjaquinones/web/borja.com.es/public_html/Proyecto2DAW/api_backend/system/BaseModel.php(675): CodeIgniter\Model->doFindAll()
#6 /home/borjaquinones/web/borja.com.es/public_html/Proyecto2DAW/api_backend/app/Controllers/Pistas.php(17): CodeIgniter\BaseModel->findAll()
#7 /home/borjaquinones/web/borja.com.es/public_html/Proyecto2DAW/api_backend/system/CodeIgniter.php(933): App\Controllers\Pistas->index()
#8 /home/borjaquinones/web/borja.com.es/public_html/Proyecto2DAW/api_backend/system/CodeIgniter.php(507): CodeIgniter\CodeIgniter->runController()
#9 /home/borjaquinones/web/borja.com.es/public_html/Proyecto2DAW/api_backend/system/CodeIgniter.php(354): CodeIgniter\CodeIgniter->handleRequest()
#10 /home/borjaquinones/web/borja.com.es/public_html/Proyecto2DAW/api_backend/system/Boot.php(334): CodeIgniter\CodeIgniter->run()
#11 /home/borjaquinones/web/borja.com.es/public_html/Proyecto2DAW/api_backend/system/Boot.php(67): CodeIgniter\Boot::runCodeIgniter()
#12 /home/borjaquinones/web/borja.com.es/public_html/Proyecto2DAW/api_backend/public/index.php(56): CodeIgniter\Boot::bootWeb()
#13 {main}

Next CodeIgniter\Database\Exceptions\DatabaseException: Access denied for user ''@'localhost' (using password: NO) in /home/borjaquinones/web/borja.com.es/public_html/Proyecto2DAW/api_backend/system/Database/MySQLi/Connection.php:246
Stack trace:
#0 /home/borjaquinones/web/borja.com.es/public_html/Proyecto2DAW/api_backend/system/Database/BaseConnection.php(421): CodeIgniter\Database\MySQLi\Connection->connect()
#1 /home/borjaquinones/web/borja.com.es/public_html/Proyecto2DAW/api_backend/system/Database/BaseConnection.php(620): CodeIgniter\Database\BaseConnection->initialize()
#2 /home/borjaquinones/web/borja.com.es/public_html/Proyecto2DAW/api_backend/system/Database/BaseBuilder.php(1649): CodeIgniter\Database\BaseConnection->query()
#3 /home/borjaquinones/web/borja.com.es/public_html/Proyecto2DAW/api_backend/system/Model.php(286): CodeIgniter\Database\BaseBuilder->get()
#4 /home/borjaquinones/web/borja.com.es/public_html/Proyecto2DAW/api_backend/system/BaseModel.php(675): CodeIgniter\Model->doFindAll()
#5 /home/borjaquinones/web/borja.com.es/public_html/Proyecto2DAW/api_backend/app/Controllers/Pistas.php(17): CodeIgniter\BaseModel->findAll()
#6 /home/borjaquinones/web/borja.com.es/public_html/Proyecto2DAW/api_backend/system/CodeIgniter.php(933): App\Controllers\Pistas->index()
#7 /home/borjaquinones/web/borja.com.es/public_html/Proyecto2DAW/api_backend/system/CodeIgniter.php(507): CodeIgniter\CodeIgniter->runController()
#8 /home/borjaquinones/web/borja.com.es/public_html/Proyecto2DAW/api_backend/system/CodeIgniter.php(354): CodeIgniter\CodeIgniter->handleRequest()
#9 /home/borjaquinones/web/borja.com.es/public_html/Proyecto2DAW/api_backend/system/Boot.php(334): CodeIgniter\CodeIgniter->run()
#10 /home/borjaquinones/web/borja.com.es/public_html/Proyecto2DAW/api_backend/system/Boot.php(67): CodeIgniter\Boot::runCodeIgniter()
#11 /home/borjaquinones/web/borja.com.es/public_html/Proyecto2DAW/api_backend/public/index.php(56): CodeIgniter\Boot::bootWeb()
#12 {main}
CRITICAL - 2025-04-14 16:11:44 --> CodeIgniter\Database\Exceptions\DatabaseException: Unable to connect to the database.
Main connection [MySQLi]: Access denied for user ''@'localhost' (using password: NO)
[Method: GET, Route: pistas]
in SYSTEMPATH/Database/BaseConnection.php on line 467.
 1 SYSTEMPATH/Database/BaseConnection.php(620): CodeIgniter\Database\BaseConnection->initialize()
 2 SYSTEMPATH/Database/BaseBuilder.php(1649): CodeIgniter\Database\BaseConnection->query()
 3 SYSTEMPATH/Model.php(286): CodeIgniter\Database\BaseBuilder->get()
 4 SYSTEMPATH/BaseModel.php(675): CodeIgniter\Model->doFindAll()
 5 APPPATH/Controllers/Pistas.php(17): CodeIgniter\BaseModel->findAll()
 6 SYSTEMPATH/CodeIgniter.php(933): App\Controllers\Pistas->index()
 7 SYSTEMPATH/CodeIgniter.php(507): CodeIgniter\CodeIgniter->runController()
 8 SYSTEMPATH/CodeIgniter.php(354): CodeIgniter\CodeIgniter->handleRequest()
 9 SYSTEMPATH/Boot.php(334): CodeIgniter\CodeIgniter->run()
10 SYSTEMPATH/Boot.php(67): CodeIgniter\Boot::runCodeIgniter()
11 FCPATH/index.php(56): CodeIgniter\Boot::bootWeb()
ERROR - 2025-04-14 16:14:20 --> Error connecting to the database: mysqli_sql_exception: Access denied for user ''@'localhost' (using password: NO) in /home/borjaquinones/web/borja.com.es/public_html/ProyectoDosDAW/api_backend/system/Database/MySQLi/Connection.php:201
Stack trace:
#0 /home/borjaquinones/web/borja.com.es/public_html/ProyectoDosDAW/api_backend/system/Database/MySQLi/Connection.php(201): mysqli->real_connect()
#1 /home/borjaquinones/web/borja.com.es/public_html/ProyectoDosDAW/api_backend/system/Database/BaseConnection.php(421): CodeIgniter\Database\MySQLi\Connection->connect()
#2 /home/borjaquinones/web/borja.com.es/public_html/ProyectoDosDAW/api_backend/system/Database/BaseConnection.php(620): CodeIgniter\Database\BaseConnection->initialize()
#3 /home/borjaquinones/web/borja.com.es/public_html/ProyectoDosDAW/api_backend/system/Database/BaseBuilder.php(1649): CodeIgniter\Database\BaseConnection->query()
#4 /home/borjaquinones/web/borja.com.es/public_html/ProyectoDosDAW/api_backend/system/Model.php(286): CodeIgniter\Database\BaseBuilder->get()
#5 /home/borjaquinones/web/borja.com.es/public_html/ProyectoDosDAW/api_backend/system/BaseModel.php(675): CodeIgniter\Model->doFindAll()
#6 /home/borjaquinones/web/borja.com.es/public_html/ProyectoDosDAW/api_backend/app/Controllers/Pistas.php(17): CodeIgniter\BaseModel->findAll()
#7 /home/borjaquinones/web/borja.com.es/public_html/ProyectoDosDAW/api_backend/system/CodeIgniter.php(933): App\Controllers\Pistas->index()
#8 /home/borjaquinones/web/borja.com.es/public_html/ProyectoDosDAW/api_backend/system/CodeIgniter.php(507): CodeIgniter\CodeIgniter->runController()
#9 /home/borjaquinones/web/borja.com.es/public_html/ProyectoDosDAW/api_backend/system/CodeIgniter.php(354): CodeIgniter\CodeIgniter->handleRequest()
#10 /home/borjaquinones/web/borja.com.es/public_html/ProyectoDosDAW/api_backend/system/Boot.php(334): CodeIgniter\CodeIgniter->run()
#11 /home/borjaquinones/web/borja.com.es/public_html/ProyectoDosDAW/api_backend/system/Boot.php(67): CodeIgniter\Boot::runCodeIgniter()
#12 /home/borjaquinones/web/borja.com.es/public_html/ProyectoDosDAW/api_backend/public/index.php(56): CodeIgniter\Boot::bootWeb()
#13 {main}

Next CodeIgniter\Database\Exceptions\DatabaseException: Access denied for user ''@'localhost' (using password: NO) in /home/borjaquinones/web/borja.com.es/public_html/ProyectoDosDAW/api_backend/system/Database/MySQLi/Connection.php:246
Stack trace:
#0 /home/borjaquinones/web/borja.com.es/public_html/ProyectoDosDAW/api_backend/system/Database/BaseConnection.php(421): CodeIgniter\Database\MySQLi\Connection->connect()
#1 /home/borjaquinones/web/borja.com.es/public_html/ProyectoDosDAW/api_backend/system/Database/BaseConnection.php(620): CodeIgniter\Database\BaseConnection->initialize()
#2 /home/borjaquinones/web/borja.com.es/public_html/ProyectoDosDAW/api_backend/system/Database/BaseBuilder.php(1649): CodeIgniter\Database\BaseConnection->query()
#3 /home/borjaquinones/web/borja.com.es/public_html/ProyectoDosDAW/api_backend/system/Model.php(286): CodeIgniter\Database\BaseBuilder->get()
#4 /home/borjaquinones/web/borja.com.es/public_html/ProyectoDosDAW/api_backend/system/BaseModel.php(675): CodeIgniter\Model->doFindAll()
#5 /home/borjaquinones/web/borja.com.es/public_html/ProyectoDosDAW/api_backend/app/Controllers/Pistas.php(17): CodeIgniter\BaseModel->findAll()
#6 /home/borjaquinones/web/borja.com.es/public_html/ProyectoDosDAW/api_backend/system/CodeIgniter.php(933): App\Controllers\Pistas->index()
#7 /home/borjaquinones/web/borja.com.es/public_html/ProyectoDosDAW/api_backend/system/CodeIgniter.php(507): CodeIgniter\CodeIgniter->runController()
#8 /home/borjaquinones/web/borja.com.es/public_html/ProyectoDosDAW/api_backend/system/CodeIgniter.php(354): CodeIgniter\CodeIgniter->handleRequest()
#9 /home/borjaquinones/web/borja.com.es/public_html/ProyectoDosDAW/api_backend/system/Boot.php(334): CodeIgniter\CodeIgniter->run()
#10 /home/borjaquinones/web/borja.com.es/public_html/ProyectoDosDAW/api_backend/system/Boot.php(67): CodeIgniter\Boot::runCodeIgniter()
#11 /home/borjaquinones/web/borja.com.es/public_html/ProyectoDosDAW/api_backend/public/index.php(56): CodeIgniter\Boot::bootWeb()
#12 {main}
CRITICAL - 2025-04-14 16:14:20 --> CodeIgniter\Database\Exceptions\DatabaseException: Unable to connect to the database.
Main connection [MySQLi]: Access denied for user ''@'localhost' (using password: NO)
[Method: GET, Route: pistas]
in SYSTEMPATH/Database/BaseConnection.php on line 467.
 1 SYSTEMPATH/Database/BaseConnection.php(620): CodeIgniter\Database\BaseConnection->initialize()
 2 SYSTEMPATH/Database/BaseBuilder.php(1649): CodeIgniter\Database\BaseConnection->query()
 3 SYSTEMPATH/Model.php(286): CodeIgniter\Database\BaseBuilder->get()
 4 SYSTEMPATH/BaseModel.php(675): CodeIgniter\Model->doFindAll()
 5 APPPATH/Controllers/Pistas.php(17): CodeIgniter\BaseModel->findAll()
 6 SYSTEMPATH/CodeIgniter.php(933): App\Controllers\Pistas->index()
 7 SYSTEMPATH/CodeIgniter.php(507): CodeIgniter\CodeIgniter->runController()
 8 SYSTEMPATH/CodeIgniter.php(354): CodeIgniter\CodeIgniter->handleRequest()
 9 SYSTEMPATH/Boot.php(334): CodeIgniter\CodeIgniter->run()
10 SYSTEMPATH/Boot.php(67): CodeIgniter\Boot::runCodeIgniter()
11 FCPATH/index.php(56): CodeIgniter\Boot::bootWeb()
ERROR - 2025-04-14 16:15:59 --> Error connecting to the database: mysqli_sql_exception: Access denied for user ''@'localhost' (using password: NO) in /home/borjaquinones/web/borja.com.es/public_html/ProyectoDosDAW/api_backend/system/Database/MySQLi/Connection.php:201
Stack trace:
#0 /home/borjaquinones/web/borja.com.es/public_html/ProyectoDosDAW/api_backend/system/Database/MySQLi/Connection.php(201): mysqli->real_connect()
#1 /home/borjaquinones/web/borja.com.es/public_html/ProyectoDosDAW/api_backend/system/Database/BaseConnection.php(421): CodeIgniter\Database\MySQLi\Connection->connect()
#2 /home/borjaquinones/web/borja.com.es/public_html/ProyectoDosDAW/api_backend/system/Database/BaseConnection.php(620): CodeIgniter\Database\BaseConnection->initialize()
#3 /home/borjaquinones/web/borja.com.es/public_html/ProyectoDosDAW/api_backend/system/Database/BaseBuilder.php(1649): CodeIgniter\Database\BaseConnection->query()
#4 /home/borjaquinones/web/borja.com.es/public_html/ProyectoDosDAW/api_backend/system/Model.php(286): CodeIgniter\Database\BaseBuilder->get()
#5 /home/borjaquinones/web/borja.com.es/public_html/ProyectoDosDAW/api_backend/system/BaseModel.php(675): CodeIgniter\Model->doFindAll()
#6 /home/borjaquinones/web/borja.com.es/public_html/ProyectoDosDAW/api_backend/app/Controllers/Pistas.php(17): CodeIgniter\BaseModel->findAll()
#7 /home/borjaquinones/web/borja.com.es/public_html/ProyectoDosDAW/api_backend/system/CodeIgniter.php(933): App\Controllers\Pistas->index()
#8 /home/borjaquinones/web/borja.com.es/public_html/ProyectoDosDAW/api_backend/system/CodeIgniter.php(507): CodeIgniter\CodeIgniter->runController()
#9 /home/borjaquinones/web/borja.com.es/public_html/ProyectoDosDAW/api_backend/system/CodeIgniter.php(354): CodeIgniter\CodeIgniter->handleRequest()
#10 /home/borjaquinones/web/borja.com.es/public_html/ProyectoDosDAW/api_backend/system/Boot.php(334): CodeIgniter\CodeIgniter->run()
#11 /home/borjaquinones/web/borja.com.es/public_html/ProyectoDosDAW/api_backend/system/Boot.php(67): CodeIgniter\Boot::runCodeIgniter()
#12 /home/borjaquinones/web/borja.com.es/public_html/ProyectoDosDAW/api_backend/public/index.php(56): CodeIgniter\Boot::bootWeb()
#13 {main}

Next CodeIgniter\Database\Exceptions\DatabaseException: Access denied for user ''@'localhost' (using password: NO) in /home/borjaquinones/web/borja.com.es/public_html/ProyectoDosDAW/api_backend/system/Database/MySQLi/Connection.php:246
Stack trace:
#0 /home/borjaquinones/web/borja.com.es/public_html/ProyectoDosDAW/api_backend/system/Database/BaseConnection.php(421): CodeIgniter\Database\MySQLi\Connection->connect()
#1 /home/borjaquinones/web/borja.com.es/public_html/ProyectoDosDAW/api_backend/system/Database/BaseConnection.php(620): CodeIgniter\Database\BaseConnection->initialize()
#2 /home/borjaquinones/web/borja.com.es/public_html/ProyectoDosDAW/api_backend/system/Database/BaseBuilder.php(1649): CodeIgniter\Database\BaseConnection->query()
#3 /home/borjaquinones/web/borja.com.es/public_html/ProyectoDosDAW/api_backend/system/Model.php(286): CodeIgniter\Database\BaseBuilder->get()
#4 /home/borjaquinones/web/borja.com.es/public_html/ProyectoDosDAW/api_backend/system/BaseModel.php(675): CodeIgniter\Model->doFindAll()
#5 /home/borjaquinones/web/borja.com.es/public_html/ProyectoDosDAW/api_backend/app/Controllers/Pistas.php(17): CodeIgniter\BaseModel->findAll()
#6 /home/borjaquinones/web/borja.com.es/public_html/ProyectoDosDAW/api_backend/system/CodeIgniter.php(933): App\Controllers\Pistas->index()
#7 /home/borjaquinones/web/borja.com.es/public_html/ProyectoDosDAW/api_backend/system/CodeIgniter.php(507): CodeIgniter\CodeIgniter->runController()
#8 /home/borjaquinones/web/borja.com.es/public_html/ProyectoDosDAW/api_backend/system/CodeIgniter.php(354): CodeIgniter\CodeIgniter->handleRequest()
#9 /home/borjaquinones/web/borja.com.es/public_html/ProyectoDosDAW/api_backend/system/Boot.php(334): CodeIgniter\CodeIgniter->run()
#10 /home/borjaquinones/web/borja.com.es/public_html/ProyectoDosDAW/api_backend/system/Boot.php(67): CodeIgniter\Boot::runCodeIgniter()
#11 /home/borjaquinones/web/borja.com.es/public_html/ProyectoDosDAW/api_backend/public/index.php(56): CodeIgniter\Boot::bootWeb()
#12 {main}
CRITICAL - 2025-04-14 16:15:59 --> CodeIgniter\Database\Exceptions\DatabaseException: Unable to connect to the database.
Main connection [MySQLi]: Access denied for user ''@'localhost' (using password: NO)
[Method: GET, Route: pistas]
in SYSTEMPATH/Database/BaseConnection.php on line 467.
 1 SYSTEMPATH/Database/BaseConnection.php(620): CodeIgniter\Database\BaseConnection->initialize()
 2 SYSTEMPATH/Database/BaseBuilder.php(1649): CodeIgniter\Database\BaseConnection->query()
 3 SYSTEMPATH/Model.php(286): CodeIgniter\Database\BaseBuilder->get()
 4 SYSTEMPATH/BaseModel.php(675): CodeIgniter\Model->doFindAll()
 5 APPPATH/Controllers/Pistas.php(17): CodeIgniter\BaseModel->findAll()
 6 SYSTEMPATH/CodeIgniter.php(933): App\Controllers\Pistas->index()
 7 SYSTEMPATH/CodeIgniter.php(507): CodeIgniter\CodeIgniter->runController()
 8 SYSTEMPATH/CodeIgniter.php(354): CodeIgniter\CodeIgniter->handleRequest()
 9 SYSTEMPATH/Boot.php(334): CodeIgniter\CodeIgniter->run()
10 SYSTEMPATH/Boot.php(67): CodeIgniter\Boot::runCodeIgniter()
11 FCPATH/index.php(56): CodeIgniter\Boot::bootWeb()
ERROR - 2025-04-14 16:18:36 --> Error connecting to the database: mysqli_sql_exception: Access denied for user ''@'localhost' (using password: NO) in /home/borjaquinones/web/borja.com.es/public_html/ProyectoDosDAW/api_backend/system/Database/MySQLi/Connection.php:201
Stack trace:
#0 /home/borjaquinones/web/borja.com.es/public_html/ProyectoDosDAW/api_backend/system/Database/MySQLi/Connection.php(201): mysqli->real_connect()
#1 /home/borjaquinones/web/borja.com.es/public_html/ProyectoDosDAW/api_backend/system/Database/BaseConnection.php(421): CodeIgniter\Database\MySQLi\Connection->connect()
#2 /home/borjaquinones/web/borja.com.es/public_html/ProyectoDosDAW/api_backend/system/Database/BaseConnection.php(620): CodeIgniter\Database\BaseConnection->initialize()
#3 /home/borjaquinones/web/borja.com.es/public_html/ProyectoDosDAW/api_backend/system/Database/BaseBuilder.php(1649): CodeIgniter\Database\BaseConnection->query()
#4 /home/borjaquinones/web/borja.com.es/public_html/ProyectoDosDAW/api_backend/system/Model.php(286): CodeIgniter\Database\BaseBuilder->get()
#5 /home/borjaquinones/web/borja.com.es/public_html/ProyectoDosDAW/api_backend/system/BaseModel.php(675): CodeIgniter\Model->doFindAll()
#6 /home/borjaquinones/web/borja.com.es/public_html/ProyectoDosDAW/api_backend/app/Controllers/Pistas.php(17): CodeIgniter\BaseModel->findAll()
#7 /home/borjaquinones/web/borja.com.es/public_html/ProyectoDosDAW/api_backend/system/CodeIgniter.php(933): App\Controllers\Pistas->index()
#8 /home/borjaquinones/web/borja.com.es/public_html/ProyectoDosDAW/api_backend/system/CodeIgniter.php(507): CodeIgniter\CodeIgniter->runController()
#9 /home/borjaquinones/web/borja.com.es/public_html/ProyectoDosDAW/api_backend/system/CodeIgniter.php(354): CodeIgniter\CodeIgniter->handleRequest()
#10 /home/borjaquinones/web/borja.com.es/public_html/ProyectoDosDAW/api_backend/system/Boot.php(334): CodeIgniter\CodeIgniter->run()
#11 /home/borjaquinones/web/borja.com.es/public_html/ProyectoDosDAW/api_backend/system/Boot.php(67): CodeIgniter\Boot::runCodeIgniter()
#12 /home/borjaquinones/web/borja.com.es/public_html/ProyectoDosDAW/api_backend/public/index.php(56): CodeIgniter\Boot::bootWeb()
#13 {main}

Next CodeIgniter\Database\Exceptions\DatabaseException: Access denied for user ''@'localhost' (using password: NO) in /home/borjaquinones/web/borja.com.es/public_html/ProyectoDosDAW/api_backend/system/Database/MySQLi/Connection.php:246
Stack trace:
#0 /home/borjaquinones/web/borja.com.es/public_html/ProyectoDosDAW/api_backend/system/Database/BaseConnection.php(421): CodeIgniter\Database\MySQLi\Connection->connect()
#1 /home/borjaquinones/web/borja.com.es/public_html/ProyectoDosDAW/api_backend/system/Database/BaseConnection.php(620): CodeIgniter\Database\BaseConnection->initialize()
#2 /home/borjaquinones/web/borja.com.es/public_html/ProyectoDosDAW/api_backend/system/Database/BaseBuilder.php(1649): CodeIgniter\Database\BaseConnection->query()
#3 /home/borjaquinones/web/borja.com.es/public_html/ProyectoDosDAW/api_backend/system/Model.php(286): CodeIgniter\Database\BaseBuilder->get()
#4 /home/borjaquinones/web/borja.com.es/public_html/ProyectoDosDAW/api_backend/system/BaseModel.php(675): CodeIgniter\Model->doFindAll()
#5 /home/borjaquinones/web/borja.com.es/public_html/ProyectoDosDAW/api_backend/app/Controllers/Pistas.php(17): CodeIgniter\BaseModel->findAll()
#6 /home/borjaquinones/web/borja.com.es/public_html/ProyectoDosDAW/api_backend/system/CodeIgniter.php(933): App\Controllers\Pistas->index()
#7 /home/borjaquinones/web/borja.com.es/public_html/ProyectoDosDAW/api_backend/system/CodeIgniter.php(507): CodeIgniter\CodeIgniter->runController()
#8 /home/borjaquinones/web/borja.com.es/public_html/ProyectoDosDAW/api_backend/system/CodeIgniter.php(354): CodeIgniter\CodeIgniter->handleRequest()
#9 /home/borjaquinones/web/borja.com.es/public_html/ProyectoDosDAW/api_backend/system/Boot.php(334): CodeIgniter\CodeIgniter->run()
#10 /home/borjaquinones/web/borja.com.es/public_html/ProyectoDosDAW/api_backend/system/Boot.php(67): CodeIgniter\Boot::runCodeIgniter()
#11 /home/borjaquinones/web/borja.com.es/public_html/ProyectoDosDAW/api_backend/public/index.php(56): CodeIgniter\Boot::bootWeb()
#12 {main}
CRITICAL - 2025-04-14 16:18:36 --> CodeIgniter\Database\Exceptions\DatabaseException: Unable to connect to the database.
Main connection [MySQLi]: Access denied for user ''@'localhost' (using password: NO)
[Method: GET, Route: pistas]
in SYSTEMPATH/Database/BaseConnection.php on line 467.
 1 SYSTEMPATH/Database/BaseConnection.php(620): CodeIgniter\Database\BaseConnection->initialize()
 2 SYSTEMPATH/Database/BaseBuilder.php(1649): CodeIgniter\Database\BaseConnection->query()
 3 SYSTEMPATH/Model.php(286): CodeIgniter\Database\BaseBuilder->get()
 4 SYSTEMPATH/BaseModel.php(675): CodeIgniter\Model->doFindAll()
 5 APPPATH/Controllers/Pistas.php(17): CodeIgniter\BaseModel->findAll()
 6 SYSTEMPATH/CodeIgniter.php(933): App\Controllers\Pistas->index()
 7 SYSTEMPATH/CodeIgniter.php(507): CodeIgniter\CodeIgniter->runController()
 8 SYSTEMPATH/CodeIgniter.php(354): CodeIgniter\CodeIgniter->handleRequest()
 9 SYSTEMPATH/Boot.php(334): CodeIgniter\CodeIgniter->run()
10 SYSTEMPATH/Boot.php(67): CodeIgniter\Boot::runCodeIgniter()
11 FCPATH/index.php(56): CodeIgniter\Boot::bootWeb()
