CRITICAL - 2025-04-26 10:12:47 --> CodeIgniter\HTTP\Exceptions\BadRequestException: The URI you submitted has disallowed characters: "prueba@gmail.com"
[Method: GET, Route: admin/clientes/eliminar/prueba@gmail.com]
in SYSTEMPATH/Router/Router.php on line 739.
 1 SYSTEMPATH/Router/Router.php(207): CodeIgniter\Router\Router->checkDisallowedChars()
 2 SYSTEMPATH/CodeIgniter.php(832): CodeIgniter\Router\Router->handle()
 3 SYSTEMPATH/CodeIgniter.php(455): CodeIgniter\CodeIgniter->tryToRouteIt()
 4 SYSTEMPATH/CodeIgniter.php(354): CodeIgniter\CodeIgniter->handleRequest()
 5 SYSTEMPATH/Boot.php(334): CodeIgniter\CodeIgniter->run()
 6 SYSTEMPATH/Boot.php(67): CodeIgniter\Boot::runCodeIgniter()
 7 FCPATH/index.php(56): CodeIgniter\Boot::bootWeb()
CRITICAL - 2025-04-26 10:16:07 --> CodeIgniter\HTTP\Exceptions\BadRequestException: The URI you submitted has disallowed characters: "prueba@gmail.com"
[Method: GET, Route: admin/clientes/eliminar/prueba@gmail.com]
in SYSTEMPATH/Router/Router.php on line 739.
 1 SYSTEMPATH/Router/Router.php(207): CodeIgniter\Router\Router->checkDisallowedChars()
 2 SYSTEMPATH/CodeIgniter.php(832): CodeIgniter\Router\Router->handle()
 3 SYSTEMPATH/CodeIgniter.php(455): CodeIgniter\CodeIgniter->tryToRouteIt()
 4 SYSTEMPATH/CodeIgniter.php(354): CodeIgniter\CodeIgniter->handleRequest()
 5 SYSTEMPATH/Boot.php(334): CodeIgniter\CodeIgniter->run()
 6 SYSTEMPATH/Boot.php(67): CodeIgniter\Boot::runCodeIgniter()
 7 FCPATH/index.php(56): CodeIgniter\Boot::bootWeb()
CRITICAL - 2025-04-26 10:18:55 --> CodeIgniter\HTTP\Exceptions\BadRequestException: The URI you submitted has disallowed characters: "prueba@gmail.com"
[Method: GET, Route: admin/clientes/eliminar/prueba@gmail.com]
in SYSTEMPATH/Router/Router.php on line 739.
 1 SYSTEMPATH/Router/Router.php(207): CodeIgniter\Router\Router->checkDisallowedChars()
 2 SYSTEMPATH/CodeIgniter.php(832): CodeIgniter\Router\Router->handle()
 3 SYSTEMPATH/CodeIgniter.php(455): CodeIgniter\CodeIgniter->tryToRouteIt()
 4 SYSTEMPATH/CodeIgniter.php(354): CodeIgniter\CodeIgniter->handleRequest()
 5 SYSTEMPATH/Boot.php(334): CodeIgniter\CodeIgniter->run()
 6 SYSTEMPATH/Boot.php(67): CodeIgniter\Boot::runCodeIgniter()
 7 FCPATH/index.php(56): CodeIgniter\Boot::bootWeb()
CRITICAL - 2025-04-26 10:21:53 --> CodeIgniter\HTTP\Exceptions\BadRequestException: The URI you submitted has disallowed characters: "prueba@gmail.com"
[Method: GET, Route: admin/clientes/eliminar/prueba@gmail.com]
in SYSTEMPATH/Router/Router.php on line 739.
 1 SYSTEMPATH/Router/Router.php(207): CodeIgniter\Router\Router->checkDisallowedChars()
 2 SYSTEMPATH/CodeIgniter.php(832): CodeIgniter\Router\Router->handle()
 3 SYSTEMPATH/CodeIgniter.php(455): CodeIgniter\CodeIgniter->tryToRouteIt()
 4 SYSTEMPATH/CodeIgniter.php(354): CodeIgniter\CodeIgniter->handleRequest()
 5 SYSTEMPATH/Boot.php(334): CodeIgniter\CodeIgniter->run()
 6 SYSTEMPATH/Boot.php(67): CodeIgniter\Boot::runCodeIgniter()
 7 FCPATH/index.php(56): CodeIgniter\Boot::bootWeb()
CRITICAL - 2025-04-26 10:24:30 --> CodeIgniter\HTTP\Exceptions\BadRequestException: The URI you submitted has disallowed characters: "prueba@gmail.com"
[Method: GET, Route: admin/clientes/eliminar/prueba@gmail.com]
in SYSTEMPATH/Router/Router.php on line 739.
 1 SYSTEMPATH/Router/Router.php(207): CodeIgniter\Router\Router->checkDisallowedChars()
 2 SYSTEMPATH/CodeIgniter.php(832): CodeIgniter\Router\Router->handle()
 3 SYSTEMPATH/CodeIgniter.php(455): CodeIgniter\CodeIgniter->tryToRouteIt()
 4 SYSTEMPATH/CodeIgniter.php(354): CodeIgniter\CodeIgniter->handleRequest()
 5 SYSTEMPATH/Boot.php(334): CodeIgniter\CodeIgniter->run()
 6 SYSTEMPATH/Boot.php(67): CodeIgniter\Boot::runCodeIgniter()
 7 FCPATH/index.php(56): CodeIgniter\Boot::bootWeb()
CRITICAL - 2025-04-26 10:26:38 --> CodeIgniter\HTTP\Exceptions\BadRequestException: The URI you submitted has disallowed characters: "prueba@gmail.com"
[Method: GET, Route: admin/clientes/eliminar/prueba@gmail.com]
in SYSTEMPATH/Router/Router.php on line 739.
 1 SYSTEMPATH/Router/Router.php(207): CodeIgniter\Router\Router->checkDisallowedChars()
 2 SYSTEMPATH/CodeIgniter.php(832): CodeIgniter\Router\Router->handle()
 3 SYSTEMPATH/CodeIgniter.php(455): CodeIgniter\CodeIgniter->tryToRouteIt()
 4 SYSTEMPATH/CodeIgniter.php(354): CodeIgniter\CodeIgniter->handleRequest()
 5 SYSTEMPATH/Boot.php(334): CodeIgniter\CodeIgniter->run()
 6 SYSTEMPATH/Boot.php(67): CodeIgniter\Boot::runCodeIgniter()
 7 FCPATH/index.php(56): CodeIgniter\Boot::bootWeb()
ERROR - 2025-04-26 11:29:46 --> mysqli_sql_exception: Duplicate entry 'prueba@gmail.com' for key 'PRIMARY' in /home/borjaquinones/web/borja.com.es/public_html/ProyectoDosDAW/api_backend/system/Database/MySQLi/Connection.php:327
Stack trace:
#0 /home/borjaquinones/web/borja.com.es/public_html/ProyectoDosDAW/api_backend/system/Database/MySQLi/Connection.php(327): mysqli->query()
#1 /home/borjaquinones/web/borja.com.es/public_html/ProyectoDosDAW/api_backend/system/Database/BaseConnection.php(738): CodeIgniter\Database\MySQLi\Connection->execute()
#2 /home/borjaquinones/web/borja.com.es/public_html/ProyectoDosDAW/api_backend/system/Database/BaseConnection.php(652): CodeIgniter\Database\BaseConnection->simpleQuery()
#3 /home/borjaquinones/web/borja.com.es/public_html/ProyectoDosDAW/api_backend/system/Database/BaseBuilder.php(2345): CodeIgniter\Database\BaseConnection->query()
#4 /home/borjaquinones/web/borja.com.es/public_html/ProyectoDosDAW/api_backend/system/Model.php(394): CodeIgniter\Database\BaseBuilder->insert()
#5 /home/borjaquinones/web/borja.com.es/public_html/ProyectoDosDAW/api_backend/system/BaseModel.php(839): CodeIgniter\Model->doInsert()
#6 /home/borjaquinones/web/borja.com.es/public_html/ProyectoDosDAW/api_backend/system/Model.php(800): CodeIgniter\BaseModel->insert()
#7 /home/borjaquinones/web/borja.com.es/public_html/ProyectoDosDAW/api_backend/app/Controllers/AdminPanelClientes.php(39): CodeIgniter\Model->insert()
#8 /home/borjaquinones/web/borja.com.es/public_html/ProyectoDosDAW/api_backend/system/CodeIgniter.php(933): App\Controllers\AdminPanelClientes->guardarCliente()
#9 /home/borjaquinones/web/borja.com.es/public_html/ProyectoDosDAW/api_backend/system/CodeIgniter.php(507): CodeIgniter\CodeIgniter->runController()
#10 /home/borjaquinones/web/borja.com.es/public_html/ProyectoDosDAW/api_backend/system/CodeIgniter.php(354): CodeIgniter\CodeIgniter->handleRequest()
#11 /home/borjaquinones/web/borja.com.es/public_html/ProyectoDosDAW/api_backend/system/Boot.php(334): CodeIgniter\CodeIgniter->run()
#12 /home/borjaquinones/web/borja.com.es/public_html/ProyectoDosDAW/api_backend/system/Boot.php(67): CodeIgniter\Boot::runCodeIgniter()
#13 /home/borjaquinones/web/borja.com.es/public_html/ProyectoDosDAW/api_backend/public/index.php(56): CodeIgniter\Boot::bootWeb()
#14 {main}
CRITICAL - 2025-04-26 11:29:46 --> CodeIgniter\Database\Exceptions\DatabaseException: Duplicate entry 'prueba@gmail.com' for key 'PRIMARY'
[Method: POST, Route: admin/clientes/guardar]
in SYSTEMPATH/Database/BaseConnection.php on line 692.
 1 SYSTEMPATH/Database/BaseBuilder.php(2345): CodeIgniter\Database\BaseConnection->query()
 2 SYSTEMPATH/Model.php(394): CodeIgniter\Database\BaseBuilder->insert()
 3 SYSTEMPATH/BaseModel.php(839): CodeIgniter\Model->doInsert()
 4 SYSTEMPATH/Model.php(800): CodeIgniter\BaseModel->insert()
 5 APPPATH/Controllers/AdminPanelClientes.php(39): CodeIgniter\Model->insert()
 6 SYSTEMPATH/CodeIgniter.php(933): App\Controllers\AdminPanelClientes->guardarCliente()
 7 SYSTEMPATH/CodeIgniter.php(507): CodeIgniter\CodeIgniter->runController()
 8 SYSTEMPATH/CodeIgniter.php(354): CodeIgniter\CodeIgniter->handleRequest()
 9 SYSTEMPATH/Boot.php(334): CodeIgniter\CodeIgniter->run()
10 SYSTEMPATH/Boot.php(67): CodeIgniter\Boot::runCodeIgniter()
11 FCPATH/index.php(56): CodeIgniter\Boot::bootWeb()
CRITICAL - 2025-04-26 11:29:46 --> [Caused by] CodeIgniter\Database\Exceptions\DatabaseException: Duplicate entry 'prueba@gmail.com' for key 'PRIMARY'
in SYSTEMPATH/Database/MySQLi/Connection.php on line 332.
 1 SYSTEMPATH/Database/BaseConnection.php(738): CodeIgniter\Database\MySQLi\Connection->execute()
 2 SYSTEMPATH/Database/BaseConnection.php(652): CodeIgniter\Database\BaseConnection->simpleQuery()
 3 SYSTEMPATH/Database/BaseBuilder.php(2345): CodeIgniter\Database\BaseConnection->query()
 4 SYSTEMPATH/Model.php(394): CodeIgniter\Database\BaseBuilder->insert()
 5 SYSTEMPATH/BaseModel.php(839): CodeIgniter\Model->doInsert()
 6 SYSTEMPATH/Model.php(800): CodeIgniter\BaseModel->insert()
 7 APPPATH/Controllers/AdminPanelClientes.php(39): CodeIgniter\Model->insert()
 8 SYSTEMPATH/CodeIgniter.php(933): App\Controllers\AdminPanelClientes->guardarCliente()
 9 SYSTEMPATH/CodeIgniter.php(507): CodeIgniter\CodeIgniter->runController()
10 SYSTEMPATH/CodeIgniter.php(354): CodeIgniter\CodeIgniter->handleRequest()
11 SYSTEMPATH/Boot.php(334): CodeIgniter\CodeIgniter->run()
12 SYSTEMPATH/Boot.php(67): CodeIgniter\Boot::runCodeIgniter()
13 FCPATH/index.php(56): CodeIgniter\Boot::bootWeb()
CRITICAL - 2025-04-26 11:29:46 --> [Caused by] mysqli_sql_exception: Duplicate entry 'prueba@gmail.com' for key 'PRIMARY'
in SYSTEMPATH/Database/MySQLi/Connection.php on line 327.
 1 SYSTEMPATH/Database/MySQLi/Connection.php(327): mysqli->query()
 2 SYSTEMPATH/Database/BaseConnection.php(738): CodeIgniter\Database\MySQLi\Connection->execute()
 3 SYSTEMPATH/Database/BaseConnection.php(652): CodeIgniter\Database\BaseConnection->simpleQuery()
 4 SYSTEMPATH/Database/BaseBuilder.php(2345): CodeIgniter\Database\BaseConnection->query()
 5 SYSTEMPATH/Model.php(394): CodeIgniter\Database\BaseBuilder->insert()
 6 SYSTEMPATH/BaseModel.php(839): CodeIgniter\Model->doInsert()
 7 SYSTEMPATH/Model.php(800): CodeIgniter\BaseModel->insert()
 8 APPPATH/Controllers/AdminPanelClientes.php(39): CodeIgniter\Model->insert()
 9 SYSTEMPATH/CodeIgniter.php(933): App\Controllers\AdminPanelClientes->guardarCliente()
10 SYSTEMPATH/CodeIgniter.php(507): CodeIgniter\CodeIgniter->runController()
11 SYSTEMPATH/CodeIgniter.php(354): CodeIgniter\CodeIgniter->handleRequest()
12 SYSTEMPATH/Boot.php(334): CodeIgniter\CodeIgniter->run()
13 SYSTEMPATH/Boot.php(67): CodeIgniter\Boot::runCodeIgniter()
14 FCPATH/index.php(56): CodeIgniter\Boot::bootWeb()
ERROR - 2025-04-26 11:30:49 --> mysqli_sql_exception: Duplicate entry 'prueba@gmail.com' for key 'PRIMARY' in /home/borjaquinones/web/borja.com.es/public_html/ProyectoDosDAW/api_backend/system/Database/MySQLi/Connection.php:327
Stack trace:
#0 /home/borjaquinones/web/borja.com.es/public_html/ProyectoDosDAW/api_backend/system/Database/MySQLi/Connection.php(327): mysqli->query()
#1 /home/borjaquinones/web/borja.com.es/public_html/ProyectoDosDAW/api_backend/system/Database/BaseConnection.php(738): CodeIgniter\Database\MySQLi\Connection->execute()
#2 /home/borjaquinones/web/borja.com.es/public_html/ProyectoDosDAW/api_backend/system/Database/BaseConnection.php(652): CodeIgniter\Database\BaseConnection->simpleQuery()
#3 /home/borjaquinones/web/borja.com.es/public_html/ProyectoDosDAW/api_backend/system/Database/BaseBuilder.php(2345): CodeIgniter\Database\BaseConnection->query()
#4 /home/borjaquinones/web/borja.com.es/public_html/ProyectoDosDAW/api_backend/system/Model.php(394): CodeIgniter\Database\BaseBuilder->insert()
#5 /home/borjaquinones/web/borja.com.es/public_html/ProyectoDosDAW/api_backend/system/BaseModel.php(839): CodeIgniter\Model->doInsert()
#6 /home/borjaquinones/web/borja.com.es/public_html/ProyectoDosDAW/api_backend/system/Model.php(800): CodeIgniter\BaseModel->insert()
#7 /home/borjaquinones/web/borja.com.es/public_html/ProyectoDosDAW/api_backend/app/Controllers/AdminPanelClientes.php(39): CodeIgniter\Model->insert()
#8 /home/borjaquinones/web/borja.com.es/public_html/ProyectoDosDAW/api_backend/system/CodeIgniter.php(933): App\Controllers\AdminPanelClientes->guardarCliente()
#9 /home/borjaquinones/web/borja.com.es/public_html/ProyectoDosDAW/api_backend/system/CodeIgniter.php(507): CodeIgniter\CodeIgniter->runController()
#10 /home/borjaquinones/web/borja.com.es/public_html/ProyectoDosDAW/api_backend/system/CodeIgniter.php(354): CodeIgniter\CodeIgniter->handleRequest()
#11 /home/borjaquinones/web/borja.com.es/public_html/ProyectoDosDAW/api_backend/system/Boot.php(334): CodeIgniter\CodeIgniter->run()
#12 /home/borjaquinones/web/borja.com.es/public_html/ProyectoDosDAW/api_backend/system/Boot.php(67): CodeIgniter\Boot::runCodeIgniter()
#13 /home/borjaquinones/web/borja.com.es/public_html/ProyectoDosDAW/api_backend/public/index.php(56): CodeIgniter\Boot::bootWeb()
#14 {main}
CRITICAL - 2025-04-26 11:30:49 --> CodeIgniter\Database\Exceptions\DatabaseException: Duplicate entry 'prueba@gmail.com' for key 'PRIMARY'
[Method: POST, Route: admin/clientes/guardar]
in SYSTEMPATH/Database/BaseConnection.php on line 692.
 1 SYSTEMPATH/Database/BaseBuilder.php(2345): CodeIgniter\Database\BaseConnection->query()
 2 SYSTEMPATH/Model.php(394): CodeIgniter\Database\BaseBuilder->insert()
 3 SYSTEMPATH/BaseModel.php(839): CodeIgniter\Model->doInsert()
 4 SYSTEMPATH/Model.php(800): CodeIgniter\BaseModel->insert()
 5 APPPATH/Controllers/AdminPanelClientes.php(39): CodeIgniter\Model->insert()
 6 SYSTEMPATH/CodeIgniter.php(933): App\Controllers\AdminPanelClientes->guardarCliente()
 7 SYSTEMPATH/CodeIgniter.php(507): CodeIgniter\CodeIgniter->runController()
 8 SYSTEMPATH/CodeIgniter.php(354): CodeIgniter\CodeIgniter->handleRequest()
 9 SYSTEMPATH/Boot.php(334): CodeIgniter\CodeIgniter->run()
10 SYSTEMPATH/Boot.php(67): CodeIgniter\Boot::runCodeIgniter()
11 FCPATH/index.php(56): CodeIgniter\Boot::bootWeb()
CRITICAL - 2025-04-26 11:30:49 --> [Caused by] CodeIgniter\Database\Exceptions\DatabaseException: Duplicate entry 'prueba@gmail.com' for key 'PRIMARY'
in SYSTEMPATH/Database/MySQLi/Connection.php on line 332.
 1 SYSTEMPATH/Database/BaseConnection.php(738): CodeIgniter\Database\MySQLi\Connection->execute()
 2 SYSTEMPATH/Database/BaseConnection.php(652): CodeIgniter\Database\BaseConnection->simpleQuery()
 3 SYSTEMPATH/Database/BaseBuilder.php(2345): CodeIgniter\Database\BaseConnection->query()
 4 SYSTEMPATH/Model.php(394): CodeIgniter\Database\BaseBuilder->insert()
 5 SYSTEMPATH/BaseModel.php(839): CodeIgniter\Model->doInsert()
 6 SYSTEMPATH/Model.php(800): CodeIgniter\BaseModel->insert()
 7 APPPATH/Controllers/AdminPanelClientes.php(39): CodeIgniter\Model->insert()
 8 SYSTEMPATH/CodeIgniter.php(933): App\Controllers\AdminPanelClientes->guardarCliente()
 9 SYSTEMPATH/CodeIgniter.php(507): CodeIgniter\CodeIgniter->runController()
10 SYSTEMPATH/CodeIgniter.php(354): CodeIgniter\CodeIgniter->handleRequest()
11 SYSTEMPATH/Boot.php(334): CodeIgniter\CodeIgniter->run()
12 SYSTEMPATH/Boot.php(67): CodeIgniter\Boot::runCodeIgniter()
13 FCPATH/index.php(56): CodeIgniter\Boot::bootWeb()
CRITICAL - 2025-04-26 11:30:49 --> [Caused by] mysqli_sql_exception: Duplicate entry 'prueba@gmail.com' for key 'PRIMARY'
in SYSTEMPATH/Database/MySQLi/Connection.php on line 327.
 1 SYSTEMPATH/Database/MySQLi/Connection.php(327): mysqli->query()
 2 SYSTEMPATH/Database/BaseConnection.php(738): CodeIgniter\Database\MySQLi\Connection->execute()
 3 SYSTEMPATH/Database/BaseConnection.php(652): CodeIgniter\Database\BaseConnection->simpleQuery()
 4 SYSTEMPATH/Database/BaseBuilder.php(2345): CodeIgniter\Database\BaseConnection->query()
 5 SYSTEMPATH/Model.php(394): CodeIgniter\Database\BaseBuilder->insert()
 6 SYSTEMPATH/BaseModel.php(839): CodeIgniter\Model->doInsert()
 7 SYSTEMPATH/Model.php(800): CodeIgniter\BaseModel->insert()
 8 APPPATH/Controllers/AdminPanelClientes.php(39): CodeIgniter\Model->insert()
 9 SYSTEMPATH/CodeIgniter.php(933): App\Controllers\AdminPanelClientes->guardarCliente()
10 SYSTEMPATH/CodeIgniter.php(507): CodeIgniter\CodeIgniter->runController()
11 SYSTEMPATH/CodeIgniter.php(354): CodeIgniter\CodeIgniter->handleRequest()
12 SYSTEMPATH/Boot.php(334): CodeIgniter\CodeIgniter->run()
13 SYSTEMPATH/Boot.php(67): CodeIgniter\Boot::runCodeIgniter()
14 FCPATH/index.php(56): CodeIgniter\Boot::bootWeb()
CRITICAL - 2025-04-26 11:45:46 --> ErrorException: Undefined array key "correo"
[Method: GET, Route: admin/empleados]
in APPPATH/Views/admin/empleados_view.php on line 191.
 1 APPPATH/Views/admin/empleados_view.php(191): CodeIgniter\Debug\Exceptions->errorHandler()
 2 SYSTEMPATH/View/View.php(224): include('/home/borjaquinones/web/borja.com.es/public_html/ProyectoDosDAW/api_backend/app/Views/admin/empleados_view.php')
 3 SYSTEMPATH/View/View.php(227): CodeIgniter\View\View->CodeIgniter\View\{closure}()
 4 SYSTEMPATH/Common.php(1173): CodeIgniter\View\View->render()
 5 APPPATH/Controllers/AdminPanelEmpleados.php(22): view()
 6 SYSTEMPATH/CodeIgniter.php(933): App\Controllers\AdminPanelEmpleados->empleados()
 7 SYSTEMPATH/CodeIgniter.php(507): CodeIgniter\CodeIgniter->runController()
 8 SYSTEMPATH/CodeIgniter.php(354): CodeIgniter\CodeIgniter->handleRequest()
 9 SYSTEMPATH/Boot.php(334): CodeIgniter\CodeIgniter->run()
10 SYSTEMPATH/Boot.php(67): CodeIgniter\Boot::runCodeIgniter()
11 FCPATH/index.php(56): CodeIgniter\Boot::bootWeb()
CRITICAL - 2025-04-26 11:46:13 --> ErrorException: include(admin/menu.php): Failed to open stream: No such file or directory
[Method: GET, Route: admin/empleados]
in APPPATH/Views/admin/empleados_view.php on line 133.
 1 APPPATH/Views/admin/empleados_view.php(133): CodeIgniter\Debug\Exceptions->errorHandler()
 2 APPPATH/Views/admin/empleados_view.php(133): include()
 3 SYSTEMPATH/View/View.php(224): include('/home/borjaquinones/web/borja.com.es/public_html/ProyectoDosDAW/api_backend/app/Views/admin/empleados_view.php')
 4 SYSTEMPATH/View/View.php(227): CodeIgniter\View\View->CodeIgniter\View\{closure}()
 5 SYSTEMPATH/Common.php(1173): CodeIgniter\View\View->render()
 6 APPPATH/Controllers/AdminPanelEmpleados.php(22): view()
 7 SYSTEMPATH/CodeIgniter.php(933): App\Controllers\AdminPanelEmpleados->empleados()
 8 SYSTEMPATH/CodeIgniter.php(507): CodeIgniter\CodeIgniter->runController()
 9 SYSTEMPATH/CodeIgniter.php(354): CodeIgniter\CodeIgniter->handleRequest()
10 SYSTEMPATH/Boot.php(334): CodeIgniter\CodeIgniter->run()
11 SYSTEMPATH/Boot.php(67): CodeIgniter\Boot::runCodeIgniter()
12 FCPATH/index.php(56): CodeIgniter\Boot::bootWeb()
CRITICAL - 2025-04-26 11:46:22 --> ErrorException: include(admin/menu.php): Failed to open stream: No such file or directory
[Method: GET, Route: admin/empleados]
in APPPATH/Views/admin/empleados_view.php on line 133.
 1 APPPATH/Views/admin/empleados_view.php(133): CodeIgniter\Debug\Exceptions->errorHandler()
 2 APPPATH/Views/admin/empleados_view.php(133): include()
 3 SYSTEMPATH/View/View.php(224): include('/home/borjaquinones/web/borja.com.es/public_html/ProyectoDosDAW/api_backend/app/Views/admin/empleados_view.php')
 4 SYSTEMPATH/View/View.php(227): CodeIgniter\View\View->CodeIgniter\View\{closure}()
 5 SYSTEMPATH/Common.php(1173): CodeIgniter\View\View->render()
 6 APPPATH/Controllers/AdminPanelEmpleados.php(22): view()
 7 SYSTEMPATH/CodeIgniter.php(933): App\Controllers\AdminPanelEmpleados->empleados()
 8 SYSTEMPATH/CodeIgniter.php(507): CodeIgniter\CodeIgniter->runController()
 9 SYSTEMPATH/CodeIgniter.php(354): CodeIgniter\CodeIgniter->handleRequest()
10 SYSTEMPATH/Boot.php(334): CodeIgniter\CodeIgniter->run()
11 SYSTEMPATH/Boot.php(67): CodeIgniter\Boot::runCodeIgniter()
12 FCPATH/index.php(56): CodeIgniter\Boot::bootWeb()
CRITICAL - 2025-04-26 11:46:38 --> ErrorException: include(admin/menu.php): Failed to open stream: No such file or directory
[Method: GET, Route: admin/empleados]
in APPPATH/Views/admin/empleados_view.php on line 133.
 1 APPPATH/Views/admin/empleados_view.php(133): CodeIgniter\Debug\Exceptions->errorHandler()
 2 APPPATH/Views/admin/empleados_view.php(133): include()
 3 SYSTEMPATH/View/View.php(224): include('/home/borjaquinones/web/borja.com.es/public_html/ProyectoDosDAW/api_backend/app/Views/admin/empleados_view.php')
 4 SYSTEMPATH/View/View.php(227): CodeIgniter\View\View->CodeIgniter\View\{closure}()
 5 SYSTEMPATH/Common.php(1173): CodeIgniter\View\View->render()
 6 APPPATH/Controllers/AdminPanelEmpleados.php(22): view()
 7 SYSTEMPATH/CodeIgniter.php(933): App\Controllers\AdminPanelEmpleados->empleados()
 8 SYSTEMPATH/CodeIgniter.php(507): CodeIgniter\CodeIgniter->runController()
 9 SYSTEMPATH/CodeIgniter.php(354): CodeIgniter\CodeIgniter->handleRequest()
10 SYSTEMPATH/Boot.php(334): CodeIgniter\CodeIgniter->run()
11 SYSTEMPATH/Boot.php(67): CodeIgniter\Boot::runCodeIgniter()
12 FCPATH/index.php(56): CodeIgniter\Boot::bootWeb()
CRITICAL - 2025-04-26 11:46:52 --> ErrorException: include(admin/menu.php): Failed to open stream: No such file or directory
[Method: GET, Route: admin/empleados]
in APPPATH/Views/admin/empleados_view.php on line 133.
 1 APPPATH/Views/admin/empleados_view.php(133): CodeIgniter\Debug\Exceptions->errorHandler()
 2 APPPATH/Views/admin/empleados_view.php(133): include()
 3 SYSTEMPATH/View/View.php(224): include('/home/borjaquinones/web/borja.com.es/public_html/ProyectoDosDAW/api_backend/app/Views/admin/empleados_view.php')
 4 SYSTEMPATH/View/View.php(227): CodeIgniter\View\View->CodeIgniter\View\{closure}()
 5 SYSTEMPATH/Common.php(1173): CodeIgniter\View\View->render()
 6 APPPATH/Controllers/AdminPanelEmpleados.php(22): view()
 7 SYSTEMPATH/CodeIgniter.php(933): App\Controllers\AdminPanelEmpleados->empleados()
 8 SYSTEMPATH/CodeIgniter.php(507): CodeIgniter\CodeIgniter->runController()
 9 SYSTEMPATH/CodeIgniter.php(354): CodeIgniter\CodeIgniter->handleRequest()
10 SYSTEMPATH/Boot.php(334): CodeIgniter\CodeIgniter->run()
11 SYSTEMPATH/Boot.php(67): CodeIgniter\Boot::runCodeIgniter()
12 FCPATH/index.php(56): CodeIgniter\Boot::bootWeb()
CRITICAL - 2025-04-26 11:56:26 --> ErrorException: include(admin/menu.php): Failed to open stream: No such file or directory
[Method: GET, Route: admin/empleados]
in APPPATH/Views/admin/empleados_view.php on line 133.
 1 APPPATH/Views/admin/empleados_view.php(133): CodeIgniter\Debug\Exceptions->errorHandler()
 2 APPPATH/Views/admin/empleados_view.php(133): include()
 3 SYSTEMPATH/View/View.php(224): include('/home/borjaquinones/web/borja.com.es/public_html/ProyectoDosDAW/api_backend/app/Views/admin/empleados_view.php')
 4 SYSTEMPATH/View/View.php(227): CodeIgniter\View\View->CodeIgniter\View\{closure}()
 5 SYSTEMPATH/Common.php(1173): CodeIgniter\View\View->render()
 6 APPPATH/Controllers/AdminPanelEmpleados.php(22): view()
 7 SYSTEMPATH/CodeIgniter.php(933): App\Controllers\AdminPanelEmpleados->empleados()
 8 SYSTEMPATH/CodeIgniter.php(507): CodeIgniter\CodeIgniter->runController()
 9 SYSTEMPATH/CodeIgniter.php(354): CodeIgniter\CodeIgniter->handleRequest()
10 SYSTEMPATH/Boot.php(334): CodeIgniter\CodeIgniter->run()
11 SYSTEMPATH/Boot.php(67): CodeIgniter\Boot::runCodeIgniter()
12 FCPATH/index.php(56): CodeIgniter\Boot::bootWeb()
CRITICAL - 2025-04-26 11:56:33 --> ErrorException: include(admin/menu.php): Failed to open stream: No such file or directory
[Method: GET, Route: admin/empleados]
in APPPATH/Views/admin/empleados_view.php on line 133.
 1 APPPATH/Views/admin/empleados_view.php(133): CodeIgniter\Debug\Exceptions->errorHandler()
 2 APPPATH/Views/admin/empleados_view.php(133): include()
 3 SYSTEMPATH/View/View.php(224): include('/home/borjaquinones/web/borja.com.es/public_html/ProyectoDosDAW/api_backend/app/Views/admin/empleados_view.php')
 4 SYSTEMPATH/View/View.php(227): CodeIgniter\View\View->CodeIgniter\View\{closure}()
 5 SYSTEMPATH/Common.php(1173): CodeIgniter\View\View->render()
 6 APPPATH/Controllers/AdminPanelEmpleados.php(22): view()
 7 SYSTEMPATH/CodeIgniter.php(933): App\Controllers\AdminPanelEmpleados->empleados()
 8 SYSTEMPATH/CodeIgniter.php(507): CodeIgniter\CodeIgniter->runController()
 9 SYSTEMPATH/CodeIgniter.php(354): CodeIgniter\CodeIgniter->handleRequest()
10 SYSTEMPATH/Boot.php(334): CodeIgniter\CodeIgniter->run()
11 SYSTEMPATH/Boot.php(67): CodeIgniter\Boot::runCodeIgniter()
12 FCPATH/index.php(56): CodeIgniter\Boot::bootWeb()
CRITICAL - 2025-04-26 12:01:37 --> ErrorException: include(admin/menu.php): Failed to open stream: No such file or directory
[Method: GET, Route: admin/empleados]
in APPPATH/Views/admin/empleados_view.php on line 133.
 1 APPPATH/Views/admin/empleados_view.php(133): CodeIgniter\Debug\Exceptions->errorHandler()
 2 APPPATH/Views/admin/empleados_view.php(133): include()
 3 SYSTEMPATH/View/View.php(224): include('/home/borjaquinones/web/borja.com.es/public_html/ProyectoDosDAW/api_backend/app/Views/admin/empleados_view.php')
 4 SYSTEMPATH/View/View.php(227): CodeIgniter\View\View->CodeIgniter\View\{closure}()
 5 SYSTEMPATH/Common.php(1173): CodeIgniter\View\View->render()
 6 APPPATH/Controllers/AdminPanelEmpleados.php(22): view()
 7 SYSTEMPATH/CodeIgniter.php(933): App\Controllers\AdminPanelEmpleados->empleados()
 8 SYSTEMPATH/CodeIgniter.php(507): CodeIgniter\CodeIgniter->runController()
 9 SYSTEMPATH/CodeIgniter.php(354): CodeIgniter\CodeIgniter->handleRequest()
10 SYSTEMPATH/Boot.php(334): CodeIgniter\CodeIgniter->run()
11 SYSTEMPATH/Boot.php(67): CodeIgniter\Boot::runCodeIgniter()
12 FCPATH/index.php(56): CodeIgniter\Boot::bootWeb()
CRITICAL - 2025-04-26 12:01:46 --> ErrorException: include(admin/menu.php): Failed to open stream: No such file or directory
[Method: GET, Route: admin/clientes]
in APPPATH/Views/admin/clientes_view.php on line 133.
 1 APPPATH/Views/admin/clientes_view.php(133): CodeIgniter\Debug\Exceptions->errorHandler()
 2 APPPATH/Views/admin/clientes_view.php(133): include()
 3 SYSTEMPATH/View/View.php(224): include('/home/borjaquinones/web/borja.com.es/public_html/ProyectoDosDAW/api_backend/app/Views/admin/clientes_view.php')
 4 SYSTEMPATH/View/View.php(227): CodeIgniter\View\View->CodeIgniter\View\{closure}()
 5 SYSTEMPATH/Common.php(1173): CodeIgniter\View\View->render()
 6 APPPATH/Controllers/AdminPanelClientes.php(22): view()
 7 SYSTEMPATH/CodeIgniter.php(933): App\Controllers\AdminPanelClientes->clientes()
 8 SYSTEMPATH/CodeIgniter.php(507): CodeIgniter\CodeIgniter->runController()
 9 SYSTEMPATH/CodeIgniter.php(354): CodeIgniter\CodeIgniter->handleRequest()
10 SYSTEMPATH/Boot.php(334): CodeIgniter\CodeIgniter->run()
11 SYSTEMPATH/Boot.php(67): CodeIgniter\Boot::runCodeIgniter()
12 FCPATH/index.php(56): CodeIgniter\Boot::bootWeb()
CRITICAL - 2025-04-26 12:01:54 --> ErrorException: include(admin/menu.php): Failed to open stream: No such file or directory
[Method: GET, Route: admin/clientes]
in APPPATH/Views/admin/clientes_view.php on line 133.
 1 APPPATH/Views/admin/clientes_view.php(133): CodeIgniter\Debug\Exceptions->errorHandler()
 2 APPPATH/Views/admin/clientes_view.php(133): include()
 3 SYSTEMPATH/View/View.php(224): include('/home/borjaquinones/web/borja.com.es/public_html/ProyectoDosDAW/api_backend/app/Views/admin/clientes_view.php')
 4 SYSTEMPATH/View/View.php(227): CodeIgniter\View\View->CodeIgniter\View\{closure}()
 5 SYSTEMPATH/Common.php(1173): CodeIgniter\View\View->render()
 6 APPPATH/Controllers/AdminPanelClientes.php(22): view()
 7 SYSTEMPATH/CodeIgniter.php(933): App\Controllers\AdminPanelClientes->clientes()
 8 SYSTEMPATH/CodeIgniter.php(507): CodeIgniter\CodeIgniter->runController()
 9 SYSTEMPATH/CodeIgniter.php(354): CodeIgniter\CodeIgniter->handleRequest()
10 SYSTEMPATH/Boot.php(334): CodeIgniter\CodeIgniter->run()
11 SYSTEMPATH/Boot.php(67): CodeIgniter\Boot::runCodeIgniter()
12 FCPATH/index.php(56): CodeIgniter\Boot::bootWeb()
CRITICAL - 2025-04-26 12:02:07 --> ErrorException: include(admin/menu.php): Failed to open stream: No such file or directory
[Method: GET, Route: admin/clientes]
in APPPATH/Views/admin/clientes_view.php on line 133.
 1 APPPATH/Views/admin/clientes_view.php(133): CodeIgniter\Debug\Exceptions->errorHandler()
 2 APPPATH/Views/admin/clientes_view.php(133): include()
 3 SYSTEMPATH/View/View.php(224): include('/home/borjaquinones/web/borja.com.es/public_html/ProyectoDosDAW/api_backend/app/Views/admin/clientes_view.php')
 4 SYSTEMPATH/View/View.php(227): CodeIgniter\View\View->CodeIgniter\View\{closure}()
 5 SYSTEMPATH/Common.php(1173): CodeIgniter\View\View->render()
 6 APPPATH/Controllers/AdminPanelClientes.php(22): view()
 7 SYSTEMPATH/CodeIgniter.php(933): App\Controllers\AdminPanelClientes->clientes()
 8 SYSTEMPATH/CodeIgniter.php(507): CodeIgniter\CodeIgniter->runController()
 9 SYSTEMPATH/CodeIgniter.php(354): CodeIgniter\CodeIgniter->handleRequest()
10 SYSTEMPATH/Boot.php(334): CodeIgniter\CodeIgniter->run()
11 SYSTEMPATH/Boot.php(67): CodeIgniter\Boot::runCodeIgniter()
12 FCPATH/index.php(56): CodeIgniter\Boot::bootWeb()
CRITICAL - 2025-04-26 12:03:37 --> ErrorException: include(admin/menu.php): Failed to open stream: No such file or directory
[Method: GET, Route: admin/clientes]
in APPPATH/Views/admin/clientes_view.php on line 133.
 1 APPPATH/Views/admin/clientes_view.php(133): CodeIgniter\Debug\Exceptions->errorHandler()
 2 APPPATH/Views/admin/clientes_view.php(133): include()
 3 SYSTEMPATH/View/View.php(224): include('/home/borjaquinones/web/borja.com.es/public_html/ProyectoDosDAW/api_backend/app/Views/admin/clientes_view.php')
 4 SYSTEMPATH/View/View.php(227): CodeIgniter\View\View->CodeIgniter\View\{closure}()
 5 SYSTEMPATH/Common.php(1173): CodeIgniter\View\View->render()
 6 APPPATH/Controllers/AdminPanelClientes.php(22): view()
 7 SYSTEMPATH/CodeIgniter.php(933): App\Controllers\AdminPanelClientes->clientes()
 8 SYSTEMPATH/CodeIgniter.php(507): CodeIgniter\CodeIgniter->runController()
 9 SYSTEMPATH/CodeIgniter.php(354): CodeIgniter\CodeIgniter->handleRequest()
10 SYSTEMPATH/Boot.php(334): CodeIgniter\CodeIgniter->run()
11 SYSTEMPATH/Boot.php(67): CodeIgniter\Boot::runCodeIgniter()
12 FCPATH/index.php(56): CodeIgniter\Boot::bootWeb()
CRITICAL - 2025-04-26 12:03:38 --> ErrorException: include(admin/menu.php): Failed to open stream: No such file or directory
[Method: GET, Route: admin/clientes]
in APPPATH/Views/admin/clientes_view.php on line 133.
 1 APPPATH/Views/admin/clientes_view.php(133): CodeIgniter\Debug\Exceptions->errorHandler()
 2 APPPATH/Views/admin/clientes_view.php(133): include()
 3 SYSTEMPATH/View/View.php(224): include('/home/borjaquinones/web/borja.com.es/public_html/ProyectoDosDAW/api_backend/app/Views/admin/clientes_view.php')
 4 SYSTEMPATH/View/View.php(227): CodeIgniter\View\View->CodeIgniter\View\{closure}()
 5 SYSTEMPATH/Common.php(1173): CodeIgniter\View\View->render()
 6 APPPATH/Controllers/AdminPanelClientes.php(22): view()
 7 SYSTEMPATH/CodeIgniter.php(933): App\Controllers\AdminPanelClientes->clientes()
 8 SYSTEMPATH/CodeIgniter.php(507): CodeIgniter\CodeIgniter->runController()
 9 SYSTEMPATH/CodeIgniter.php(354): CodeIgniter\CodeIgniter->handleRequest()
10 SYSTEMPATH/Boot.php(334): CodeIgniter\CodeIgniter->run()
11 SYSTEMPATH/Boot.php(67): CodeIgniter\Boot::runCodeIgniter()
12 FCPATH/index.php(56): CodeIgniter\Boot::bootWeb()
CRITICAL - 2025-04-26 12:03:40 --> ErrorException: include(admin/menu.php): Failed to open stream: No such file or directory
[Method: GET, Route: admin/clientes]
in APPPATH/Views/admin/clientes_view.php on line 133.
 1 APPPATH/Views/admin/clientes_view.php(133): CodeIgniter\Debug\Exceptions->errorHandler()
 2 APPPATH/Views/admin/clientes_view.php(133): include()
 3 SYSTEMPATH/View/View.php(224): include('/home/borjaquinones/web/borja.com.es/public_html/ProyectoDosDAW/api_backend/app/Views/admin/clientes_view.php')
 4 SYSTEMPATH/View/View.php(227): CodeIgniter\View\View->CodeIgniter\View\{closure}()
 5 SYSTEMPATH/Common.php(1173): CodeIgniter\View\View->render()
 6 APPPATH/Controllers/AdminPanelClientes.php(22): view()
 7 SYSTEMPATH/CodeIgniter.php(933): App\Controllers\AdminPanelClientes->clientes()
 8 SYSTEMPATH/CodeIgniter.php(507): CodeIgniter\CodeIgniter->runController()
 9 SYSTEMPATH/CodeIgniter.php(354): CodeIgniter\CodeIgniter->handleRequest()
10 SYSTEMPATH/Boot.php(334): CodeIgniter\CodeIgniter->run()
11 SYSTEMPATH/Boot.php(67): CodeIgniter\Boot::runCodeIgniter()
12 FCPATH/index.php(56): CodeIgniter\Boot::bootWeb()
CRITICAL - 2025-04-26 12:03:44 --> ErrorException: include(admin/menu.php): Failed to open stream: No such file or directory
[Method: GET, Route: admin/clientes]
in APPPATH/Views/admin/clientes_view.php on line 133.
 1 APPPATH/Views/admin/clientes_view.php(133): CodeIgniter\Debug\Exceptions->errorHandler()
 2 APPPATH/Views/admin/clientes_view.php(133): include()
 3 SYSTEMPATH/View/View.php(224): include('/home/borjaquinones/web/borja.com.es/public_html/ProyectoDosDAW/api_backend/app/Views/admin/clientes_view.php')
 4 SYSTEMPATH/View/View.php(227): CodeIgniter\View\View->CodeIgniter\View\{closure}()
 5 SYSTEMPATH/Common.php(1173): CodeIgniter\View\View->render()
 6 APPPATH/Controllers/AdminPanelClientes.php(22): view()
 7 SYSTEMPATH/CodeIgniter.php(933): App\Controllers\AdminPanelClientes->clientes()
 8 SYSTEMPATH/CodeIgniter.php(507): CodeIgniter\CodeIgniter->runController()
 9 SYSTEMPATH/CodeIgniter.php(354): CodeIgniter\CodeIgniter->handleRequest()
10 SYSTEMPATH/Boot.php(334): CodeIgniter\CodeIgniter->run()
11 SYSTEMPATH/Boot.php(67): CodeIgniter\Boot::runCodeIgniter()
12 FCPATH/index.php(56): CodeIgniter\Boot::bootWeb()
CRITICAL - 2025-04-26 12:04:15 --> ErrorException: include(admin/menu.php): Failed to open stream: No such file or directory
[Method: GET, Route: admin/clientes]
in APPPATH/Views/admin/clientes_view.php on line 133.
 1 APPPATH/Views/admin/clientes_view.php(133): CodeIgniter\Debug\Exceptions->errorHandler()
 2 APPPATH/Views/admin/clientes_view.php(133): include()
 3 SYSTEMPATH/View/View.php(224): include('/home/borjaquinones/web/borja.com.es/public_html/ProyectoDosDAW/api_backend/app/Views/admin/clientes_view.php')
 4 SYSTEMPATH/View/View.php(227): CodeIgniter\View\View->CodeIgniter\View\{closure}()
 5 SYSTEMPATH/Common.php(1173): CodeIgniter\View\View->render()
 6 APPPATH/Controllers/AdminPanelClientes.php(22): view()
 7 SYSTEMPATH/CodeIgniter.php(933): App\Controllers\AdminPanelClientes->clientes()
 8 SYSTEMPATH/CodeIgniter.php(507): CodeIgniter\CodeIgniter->runController()
 9 SYSTEMPATH/CodeIgniter.php(354): CodeIgniter\CodeIgniter->handleRequest()
10 SYSTEMPATH/Boot.php(334): CodeIgniter\CodeIgniter->run()
11 SYSTEMPATH/Boot.php(67): CodeIgniter\Boot::runCodeIgniter()
12 FCPATH/index.php(56): CodeIgniter\Boot::bootWeb()
CRITICAL - 2025-04-26 12:14:52 --> ErrorException: include(admin/menu.php): Failed to open stream: No such file or directory
[Method: GET, Route: admin/clientes]
in APPPATH/Views/admin/clientes_view.php on line 133.
 1 APPPATH/Views/admin/clientes_view.php(133): CodeIgniter\Debug\Exceptions->errorHandler()
 2 APPPATH/Views/admin/clientes_view.php(133): include()
 3 SYSTEMPATH/View/View.php(224): include('/home/borjaquinones/web/borja.com.es/public_html/ProyectoDosDAW/api_backend/app/Views/admin/clientes_view.php')
 4 SYSTEMPATH/View/View.php(227): CodeIgniter\View\View->CodeIgniter\View\{closure}()
 5 SYSTEMPATH/Common.php(1173): CodeIgniter\View\View->render()
 6 APPPATH/Controllers/AdminPanelClientes.php(22): view()
 7 SYSTEMPATH/CodeIgniter.php(933): App\Controllers\AdminPanelClientes->clientes()
 8 SYSTEMPATH/CodeIgniter.php(507): CodeIgniter\CodeIgniter->runController()
 9 SYSTEMPATH/CodeIgniter.php(354): CodeIgniter\CodeIgniter->handleRequest()
10 SYSTEMPATH/Boot.php(334): CodeIgniter\CodeIgniter->run()
11 SYSTEMPATH/Boot.php(67): CodeIgniter\Boot::runCodeIgniter()
12 FCPATH/index.php(56): CodeIgniter\Boot::bootWeb()
